100
51 371 329 268 231 198 197 187 155 146 138 121 117 102 82 78 74 72 63 61 58 55 45 41 35 30 28 27 26 24 23 22 21 20 19 18 17 16 15 14 13 12 11 10 9 8 7 6 5 4 3 2 1 0 
35 331 316 301 300 253 229 184 164 158 148 138 137 132 131 123 121 120 114 107 97 72 70 69 63 61 58 57 55 52 44 37 35 29 28 27 23 22 21 20 19 17 16 15 14 13 12 11 10 9 8 7 6 5 4 3 2 1 0 
38 585 583 549 494 426 356 355 253 252 229 199 176 166 155 139 138 126 125 121 120 96 74 73 72 69 65 63 62 58 57 54 41 38 37 31 30 28 27 24 23 22 21 20 19 18 17 16 15 14 13 12 11 10 9 8 7 6 5 4 3 2 1 0 
14 1131 1122 1077 948 909 737 725 708 671 653 650 621 485 482 442 404 371 356 355 329 316 303 290 253 252 236 229 224 199 184 176 148 139 138 131 126 121 120 114 107 102 84 78 74 72 69 65 63 58 45 41 38 37 35 34 30 28 27 24 22 21 20 19 18 17 15 14 13 12 11 10 9 8 7 6 5 4 3 2 1 0 
91 663 549 426 389 355 290 253 229 199 193 184 176 164 148 145 139 138 126 121 120 114 112 84 78 74 72 70 69 63 61 60 58 57 55 44 41 38 37 35 33 30 28 27 23 22 20 19 18 17 16 15 14 13 12 11 9 8 7 6 5 4 3 2 1 0 
4 482 404 285 243 229 193 155 152 145 139 138 131 126 120 114 102 82 78 72 69 65 63 62 58 57 45 38 37 30 29 28 27 26 25 24 23 21 20 19 18 17 16 15 14 13 12 11 10 9 8 7 6 5 4 3 2 1 0 
16 681 659 625 621 612 524 485 468 410 372 355 331 303 290 253 252 229 224 199 184 176 155 148 145 131 126 121 120 110 107 102 82 78 74 65 63 62 58 56 44 38 37 36 35 30 28 27 24 23 22 21 20 19 17 16 15 14 13 12 11 10 9 8 7 6 5 4 3 2 1 0 
52 485 410 389 371 355 309 303 301 285 253 243 229 224 211 193 145 139 138 126 120 117 114 102 78 72 65 63 62 61 60 58 41 38 37 32 30 29 28 27 23 22 21 20 19 18 17 16 15 14 13 12 11 10 9 8 7 6 5 4 3 2 1 0 
44 1310 1290 1263 1173 1070 731 708 671 583 485 468 404 389 356 355 309 243 236 211 197 176 164 155 148 145 139 138 135 126 120 117 107 102 78 72 69 65 63 62 56 41 38 37 32 30 28 27 26 24 23 22 21 20 19 18 17 16 15 14 13 12 11 10 9 8 7 6 5 4 3 2 1 0 
70 1122 968 900 859 797 708 671 554 485 468 442 410 404 372 355 329 316 253 199 193 184 176 155 148 145 139 138 126 121 120 107 82 69 65 63 62 57 56 55 54 52 45 44 41 37 35 30 28 27 25 23 21 20 19 18 17 16 15 14 13 12 11 10 9 8 7 6 5 4 3 2 1 0 
69 679 671 583 566 542 501 410 356 309 243 224 211 199 187 176 166 155 152 145 139 121 117 107 102 88 84 83 82 74 72 69 63 62 58 57 38 37 30 28 27 26 25 24 22 21 20 19 18 17 16 15 14 13 12 11 9 8 7 6 5 4 3 2 1 0 
49 1334 977 919 907 899 873 859 725 708 679 583 566 426 356 355 253 252 229 224 184 176 166 164 155 148 145 139 138 126 121 120 114 107 102 84 74 72 69 65 63 62 61 58 57 55 41 38 37 35 30 29 28 27 23 22 21 20 19 18 17 16 15 14 13 12 11 10 9 8 7 6 5 4 3 2 1 0 
18 879 731 728 720 708 686 583 566 554 356 355 309 243 204 199 187 184 176 152 145 139 138 121 120 114 107 102 74 69 63 62 56 42 38 37 35 30 28 27 26 25 23 22 21 20 19 18 17 16 15 14 13 12 11 10 9 8 7 6 5 4 3 2 1 0 
34 1290 1283 1263 1173 1089 1077 968 948 919 909 900 708 621 554 549 482 442 410 404 371 355 329 285 253 252 224 184 176 166 164 155 152 148 138 126 121 120 114 102 74 72 69 65 63 62 58 57 45 38 37 35 32 30 28 27 25 24 22 21 20 19 18 17 16 15 14 13 12 11 10 9 8 7 6 5 4 3 2 1 0 
94 900 737 725 709 655 653 632 554 549 468 404 356 355 332 316 309 290 252 199 184 161 155 148 138 135 131 126 121 114 107 102 69 65 63 62 61 57 56 45 44 37 32 30 29 28 27 26 23 22 21 20 19 18 16 15 14 13 12 11 10 9 8 7 6 5 4 3 2 1 0 
60 1131 1089 1070 948 797 708 583 485 468 442 410 404 355 253 229 224 199 184 176 148 139 138 126 123 121 120 114 107 78 72 69 65 63 62 61 58 55 54 38 37 35 30 29 28 27 25 23 22 21 20 19 18 17 16 15 14 13 12 11 10 9 8 7 6 5 4 3 2 1 0 
41 1184 1173 1089 948 900 873 797 737 725 686 665 554 468 442 404 331 316 290 268 224 199 197 184 176 164 158 155 148 145 138 135 126 121 120 82 69 65 63 62 58 52 45 44 41 38 37 35 30 28 27 26 23 22 21 20 19 18 17 16 15 14 13 12 11 10 9 8 7 6 5 4 3 2 1 0 
74 1495 1384 1200 1089 968 948 914 797 737 731 725 708 621 583 468 404 316 268 243 236 199 184 176 155 148 145 138 126 121 120 107 74 72 69 65 63 62 61 57 56 54 45 41 38 37 35 29 28 27 24 23 22 21 20 19 18 17 16 15 14 13 12 11 10 9 8 7 6 5 4 3 2 1 0 
25 583 494 485 468 393 342 316 301 268 252 249 236 199 193 176 164 161 140 139 138 120 107 88 82 74 72 69 65 63 57 45 44 38 37 36 35 28 27 24 23 22 21 20 19 18 17 16 15 14 13 12 11 10 9 8 7 6 5 4 3 2 1 0 
75 1482 1334 977 919 873 679 583 549 482 442 356 253 252 236 229 224 199 176 155 139 138 131 126 121 120 107 102 72 69 65 63 62 58 57 54 45 38 37 36 35 30 28 27 26 24 23 22 21 20 19 18 17 16 15 14 13 12 11 10 9 8 7 6 5 4 3 2 1 0 
65 1384 1263 968 708 482 468 410 404 356 355 329 280 253 236 224 199 197 176 166 164 155 148 138 131 126 121 120 107 102 84 82 72 69 65 63 62 57 54 44 38 37 35 32 30 28 27 25 23 22 21 20 19 18 17 16 15 14 13 12 11 10 9 8 7 6 5 4 3 2 1 0 
42 1290 1270 1263 1184 1052 968 708 686 655 482 442 432 404 356 332 331 309 252 243 236 224 197 184 176 164 155 148 138 131 126 121 102 78 69 65 63 62 57 44 38 37 35 32 30 29 28 27 26 23 22 21 20 19 18 17 16 15 14 13 12 11 10 9 8 7 6 5 4 3 2 1 0 
28 1283 1263 1077 968 914 909 900 899 709 708 621 612 554 482 442 329 316 309 253 252 236 224 199 197 184 164 155 148 138 131 126 121 120 114 107 102 78 74 69 63 62 61 58 57 55 45 44 38 37 35 30 29 28 27 23 22 21 20 19 18 17 16 15 14 13 12 11 10 9 8 7 6 5 4 3 2 1 0 
17 869 797 751 731 671 665 653 510 494 485 468 329 285 252 249 236 199 197 184 176 138 131 126 110 74 72 70 69 65 63 62 60 57 38 37 36 32 30 28 27 24 23 22 21 20 19 18 17 16 15 14 13 12 11 10 9 8 7 6 5 4 3 2 1 0 
85 909 850 681 679 609 583 468 442 410 372 371 356 355 332 253 229 224 193 187 184 176 166 158 152 139 138 123 121 120 114 78 74 69 65 62 56 42 37 35 31 30 28 27 25 24 23 22 21 20 19 18 17 16 15 14 13 11 10 9 8 7 6 5 4 3 2 1 0 
46 1502 1334 1263 968 919 873 859 708 679 583 485 468 371 355 329 309 280 236 224 199 197 184 176 166 164 155 152 148 145 139 138 131 126 121 120 107 102 88 74 72 69 63 62 58 57 44 38 37 35 30 28 27 25 24 23 22 21 20 19 18 17 16 15 14 13 12 11 10 9 8 7 6 5 4 3 2 1 0 
30 1310 1263 1173 968 869 708 679 625 621 468 404 372 371 355 253 236 224 199 197 184 176 164 155 152 148 139 138 126 121 120 112 102 78 72 70 69 65 63 62 57 56 44 38 37 35 31 30 28 27 24 23 22 21 20 19 18 17 16 15 14 13 12 11 10 9 8 7 6 5 4 3 2 1 0 
10 1077 948 914 869 859 679 624 621 554 485 482 468 372 371 356 355 329 303 253 236 224 199 197 193 184 176 155 152 148 145 139 138 131 126 120 114 82 78 72 69 65 63 62 61 58 57 44 38 37 35 32 30 28 27 24 23 22 21 20 19 18 17 16 15 14 13 12 11 10 9 8 7 6 5 4 3 2 1 0 
81 1737 1671 1583 1384 1334 1263 900 869 859 850 709 708 679 621 554 468 404 356 355 329 253 229 199 193 166 155 152 148 139 138 131 126 121 120 114 107 102 74 72 69 65 63 62 58 57 45 44 38 37 35 32 30 28 27 25 23 22 21 20 19 18 17 16 15 14 13 12 11 10 9 8 7 6 5 4 3 2 1 0 
62 919 869 650 583 404 356 355 303 236 199 197 176 164 155 148 147 138 135 126 120 117 112 107 102 78 72 69 65 63 62 58 57 56 45 41 37 35 31 28 27 26 24 23 22 21 20 19 17 16 15 14 13 12 11 10 9 8 7 6 5 4 3 2 1 0 
79 1482 1315 1070 977 948 873 782 708 681 679 485 410 371 355 303 229 224 199 184 176 166 155 152 139 138 121 120 107 102 82 78 74 72 69 65 63 62 61 58 57 55 44 37 35 30 28 27 25 24 23 22 21 20 19 18 17 16 15 14 13 12 11 10 9 8 7 6 5 4 3 2 1 0 
90 1384 1290 1263 1184 1052 968 948 907 900 869 709 708 686 655 554 404 331 309 285 253 229 199 193 184 176 164 155 148 145 139 138 131 126 121 120 78 72 69 65 63 62 61 57 55 44 38 37 35 30 28 27 25 24 23 22 21 20 19 18 17 16 15 14 13 12 11 10 9 8 7 6 5 4 3 2 1 0 
63 1052 977 968 907 900 709 708 681 671 585 583 549 468 432 404 372 356 316 285 199 184 176 164 155 148 145 138 135 131 121 120 117 102 74 72 69 65 63 57 55 45 44 41 38 37 35 30 28 27 24 23 22 21 20 19 18 17 16 15 14 13 12 11 10 9 8 7 6 5 4 3 2 1 0 
48 1564 1554 1384 1283 1077 968 948 909 900 751 725 709 686 621 583 485 468 404 356 329 316 285 252 236 224 211 199 197 184 176 166 164 155 148 138 131 126 120 114 84 78 74 69 65 63 62 58 57 56 55 45 38 37 35 30 28 27 24 23 22 21 20 19 18 17 16 15 14 13 12 11 10 9 8 7 6 5 4 3 2 1 0 
9 1334 1122 948 900 869 859 725 709 554 468 290 199 184 176 166 164 158 155 148 138 131 126 121 120 117 114 84 72 69 65 63 62 58 57 56 45 44 38 37 35 32 30 28 27 24 23 22 21 20 19 18 17 16 15 14 13 12 11 10 9 8 7 6 5 4 3 2 1 0 
88 948 914 907 869 797 655 554 426 410 355 309 290 253 229 199 193 184 176 164 161 155 145 139 138 135 131 126 120 107 78 72 69 63 62 57 54 45 38 37 35 30 28 27 25 24 23 22 21 20 19 18 17 16 15 14 13 12 11 10 9 8 7 6 5 4 3 2 1 0 
83 1679 1671 1656 1572 1495 1482 1334 968 919 900 859 797 583 554 485 468 404 372 355 316 280 253 199 197 184 176 155 148 139 138 126 121 120 84 74 72 69 65 63 62 57 44 41 38 37 36 35 30 28 27 25 24 23 22 21 20 19 18 17 16 15 14 13 12 11 10 9 8 7 6 5 4 3 2 1 0 
59 252 243 204 155 139 126 125 123 121 117 114 82 80 78 72 65 58 57 56 55 52 42 38 37 35 28 27 26 23 22 21 19 18 17 16 15 14 13 12 11 10 9 8 7 6 5 4 3 2 1 0 
96 1597 1502 1495 1482 1384 1310 1122 1077 968 948 859 737 686 653 554 485 468 442 404 356 329 316 309 303 290 280 268 252 249 243 236 229 224 199 197 193 184 176 155 148 145 139 138 131 126 121 120 114 102 74 72 69 65 63 62 58 57 44 38 37 30 29 28 27 24 23 22 21 20 19 18 17 16 15 14 13 12 11 10 9 8 7 6 5 4 3 2 1 0 
71 968 919 859 583 554 549 482 442 404 356 355 329 309 290 268 252 236 229 199 197 184 176 164 148 139 138 131 126 121 120 114 74 69 65 63 62 57 41 38 37 36 35 30 29 28 27 26 24 22 21 20 19 18 17 16 15 14 13 12 11 10 9 8 7 6 5 4 3 2 1 0 
29 1315 1122 1077 968 948 909 731 671 621 554 485 482 468 442 404 355 331 329 309 303 290 268 252 243 236 229 224 197 193 176 164 148 139 138 131 126 121 120 107 74 69 63 62 58 57 56 45 44 41 38 37 35 30 28 27 24 23 22 21 20 19 18 17 16 15 14 13 12 11 10 9 8 7 6 5 4 3 2 1 0 
77 404 372 356 342 331 301 299 249 243 236 229 207 199 197 184 161 155 135 117 114 112 102 78 69 65 63 62 60 58 57 44 37 35 31 28 27 26 22 21 20 19 18 17 16 15 14 13 12 11 10 9 8 7 6 5 4 3 2 1 0 
93 1077 1052 948 915 907 797 709 554 549 485 410 355 303 280 253 252 249 199 197 193 187 184 166 161 158 152 148 145 139 138 131 126 120 114 107 102 72 69 65 63 62 58 57 56 44 38 37 35 30 28 27 24 23 22 21 20 19 18 17 16 15 14 13 12 11 10 9 8 7 6 5 4 3 2 1 0 
64 1290 1283 1052 977 873 751 709 679 671 653 621 542 468 410 356 252 243 236 229 224 193 176 166 158 155 148 138 126 121 120 114 107 102 72 70 69 63 62 61 60 58 57 55 54 45 37 30 28 27 24 23 22 21 20 19 18 17 16 15 14 13 12 11 10 9 8 7 6 5 4 3 2 1 0 
5 1334 1310 1263 1184 1173 977 968 869 859 797 708 686 468 404 329 303 252 199 197 193 184 164 155 152 148 139 138 135 126 120 107 102 97 78 69 65 63 62 61 41 37 36 30 29 28 27 25 24 23 22 21 20 19 18 17 16 15 14 13 12 11 10 9 8 7 6 5 4 3 2 1 0 
36 907 859 797 751 709 554 549 482 410 356 309 303 280 252 199 197 187 176 164 161 158 148 139 138 131 126 120 114 107 102 69 65 63 62 61 41 37 35 30 28 27 26 25 24 23 22 21 20 19 18 17 16 15 14 13 12 11 10 9 8 7 6 5 4 3 2 1 0 
95 1089 968 948 915 797 737 725 686 554 482 468 404 316 224 199 193 176 155 152 148 139 138 131 126 120 107 103 84 69 65 63 62 61 58 57 54 45 41 38 37 30 28 27 26 24 23 22 21 20 19 18 17 16 15 14 13 12 11 10 9 8 7 6 5 4 3 2 1 0 
20 1052 968 919 907 900 797 751 709 686 655 583 549 468 442 410 356 331 285 252 249 236 199 193 184 176 155 148 138 131 126 121 120 117 107 102 69 65 63 62 61 57 45 44 41 37 35 30 28 27 26 24 23 22 21 20 19 18 17 16 15 14 13 12 11 10 9 8 7 6 5 4 3 2 1 0 
68 1310 1122 968 859 725 671 621 612 554 468 372 356 309 253 243 236 229 199 197 193 184 176 155 148 145 138 126 121 120 117 114 107 102 82 74 72 69 63 62 58 57 55 41 37 35 30 29 28 27 26 23 22 21 20 19 18 17 16 15 14 13 12 11 10 9 8 7 6 5 4 3 2 1 0 
97 1591 1583 1395 1263 1122 1077 968 948 914 909 900 869 737 671 653 621 494 485 482 468 404 356 355 329 316 303 299 290 252 249 236 229 199 197 193 184 176 166 164 155 152 145 139 138 131 126 121 120 107 102 84 78 72 69 65 63 62 57 54 45 38 37 30 28 27 24 23 22 21 20 19 18 17 16 15 14 13 12 11 10 9 8 7 6 5 4 3 2 1 0 
86 1958 1954 1591 1583 1502 1482 1334 1310 1263 1122 1077 1070 968 900 869 859 737 708 485 482 404 356 355 316 303 290 252 243 236 229 199 193 184 176 166 155 152 145 139 138 131 126 121 120 117 107 102 78 74 72 69 65 63 62 57 45 44 41 38 37 35 30 28 27 24 23 22 21 20 19 18 17 16 15 14 13 12 11 10 9 8 7 6 5 4 3 2 1 0 
27 1671 1495 1434 1310 1173 968 919 867 859 708 686 482 468 443 404 355 303 252 197 184 176 164 155 148 139 138 135 126 121 120 112 107 102 82 78 74 72 70 69 65 63 62 57 41 38 37 35 30 29 28 27 24 23 22 21 20 19 18 17 16 15 14 13 12 11 10 9 8 7 6 5 4 3 2 1 0 
72 1122 1077 968 948 927 909 900 869 737 708 653 494 485 468 404 371 356 355 303 290 253 252 249 243 236 229 199 184 176 166 148 139 138 131 126 121 120 114 110 107 84 74 72 70 69 65 63 55 45 41 38 37 30 28 27 24 23 22 21 20 19 18 17 16 15 14 13 12 11 10 9 8 7 6 5 4 3 2 1 0 
13 611 572 549 494 355 342 252 249 236 199 184 176 164 161 158 152 145 139 138 135 131 126 120 107 83 82 74 72 69 65 63 58 57 55 44 38 37 35 28 27 26 23 22 21 20 19 18 17 16 15 14 13 12 11 10 9 8 7 6 5 4 3 2 1 0 
3 907 725 583 554 549 494 426 372 356 355 299 253 252 249 236 229 199 197 176 161 155 139 138 126 121 120 102 97 78 73 69 65 63 62 58 57 41 37 31 30 28 27 25 24 22 21 20 19 18 17 16 15 14 13 12 11 10 9 8 7 6 5 4 3 2 1 0 
61 1495 1263 1077 968 927 900 869 815 797 708 621 468 404 356 253 252 236 229 197 193 184 176 166 155 152 148 138 135 126 121 120 114 107 102 78 72 69 65 63 62 57 45 44 41 38 37 35 30 28 27 26 24 23 22 21 20 19 18 17 16 15 14 13 12 11 10 9 8 7 6 5 4 3 2 1 0 
2 2264 1756 1737 1604 1572 1502 1495 1434 940 867 797 621 583 554 485 356 253 252 236 229 199 193 184 176 155 152 148 139 138 131 126 121 120 114 107 103 102 78 74 72 69 65 63 62 58 57 54 45 44 38 37 35 30 28 27 24 23 22 21 20 19 18 17 16 15 14 13 12 11 10 9 8 7 6 5 4 3 2 1 0 
26 1679 1434 1384 1290 1077 1052 968 948 907 900 867 797 709 583 554 485 309 303 252 199 187 184 176 155 148 139 138 131 126 121 120 114 107 102 74 72 70 69 65 63 62 57 38 37 35 30 28 27 26 25 24 23 22 21 20 19 18 17 16 15 14 13 12 11 10 9 8 7 6 5 4 3 2 1 0 
55 1737 1502 1495 1334 1263 1184 1089 1077 968 909 900 869 859 850 709 708 621 583 554 549 485 468 410 404 303 252 199 193 176 166 155 152 148 145 139 138 126 121 120 117 107 102 88 74 72 69 65 63 58 57 44 41 38 37 35 30 28 27 26 24 23 22 21 20 19 18 17 16 15 14 13 12 11 10 9 8 7 6 5 4 3 2 1 0 
82 1283 1077 968 948 927 914 909 900 873 869 725 671 621 494 468 426 404 356 355 253 252 229 199 193 184 176 166 155 152 148 145 139 138 131 126 121 120 114 107 102 82 78 72 69 65 63 62 61 58 57 54 44 41 38 37 35 30 28 27 24 23 22 21 20 19 17 16 15 14 13 12 11 10 9 8 7 6 5 4 3 2 1 0 
23 1384 1122 977 948 869 797 725 708 671 621 554 426 404 355 329 253 252 243 199 193 184 176 152 139 138 135 126 121 120 114 107 102 78 74 72 70 69 65 63 62 61 58 57 56 55 44 41 38 37 35 30 28 27 23 22 21 20 19 18 17 16 15 14 13 12 11 10 9 8 7 6 5 4 3 2 1 0 
53 1495 1434 1384 1315 1077 968 948 909 900 899 869 686 485 468 404 356 355 329 309 303 252 243 236 224 197 184 176 148 139 138 131 126 121 120 114 110 107 82 74 72 70 69 65 63 62 58 57 55 45 38 37 35 30 28 27 24 23 22 21 20 19 18 17 16 15 14 13 12 11 10 9 8 7 6 5 4 3 2 1 0 
67 2060 1679 1671 1564 1495 1434 1387 1290 1263 977 968 867 797 751 725 708 583 554 485 482 468 404 356 309 252 236 229 184 176 166 155 152 148 139 138 131 126 120 114 107 102 78 74 72 69 65 63 62 58 57 38 37 35 30 29 28 27 26 24 23 22 21 20 19 18 17 16 15 14 13 12 11 10 9 8 7 6 5 4 3 2 1 0 
8 899 869 867 815 751 637 549 485 484 468 404 303 268 252 199 193 164 158 155 152 139 135 126 121 120 78 74 72 69 65 63 62 57 44 41 38 37 36 30 29 28 27 24 23 22 21 20 19 18 17 16 15 14 13 12 11 10 9 8 7 6 5 4 3 2 1 0 
15 2076 1958 1790 1766 1597 1583 1495 1310 1290 1270 1263 968 869 725 686 554 468 404 356 329 316 290 280 252 199 197 193 184 166 164 155 148 139 138 131 126 120 107 102 84 78 72 69 65 63 62 58 57 54 45 38 37 30 29 28 27 26 23 22 21 20 19 18 17 16 15 14 13 12 11 10 9 8 7 6 5 4 3 2 1 0 
73 1122 1077 968 869 867 859 850 751 731 686 609 485 468 404 280 252 236 224 197 184 176 155 138 126 120 74 72 70 69 65 63 62 58 57 44 41 38 37 36 35 32 30 28 27 24 23 22 21 20 19 18 17 16 15 14 13 12 11 10 9 8 7 6 5 4 3 2 1 0 
80 1173 1122 977 968 900 869 859 797 737 708 653 485 442 426 404 372 371 316 303 290 252 236 229 224 199 197 184 176 155 148 139 138 131 126 121 120 102 74 72 69 65 63 62 41 38 37 35 31 30 28 27 25 24 23 22 21 20 19 18 17 16 15 14 13 12 11 10 9 8 7 6 5 4 3 2 1 0 
21 1554 1482 1384 1263 1184 1089 869 867 859 797 583 554 494 482 404 355 329 309 303 280 252 199 184 176 164 155 148 139 138 131 126 121 120 107 82 74 72 69 65 63 58 55 54 44 38 37 35 30 28 27 25 24 23 22 21 20 19 18 17 16 15 14 13 12 11 10 9 8 7 6 5 4 3 2 1 0 
22 1954 1888 1756 1737 1495 1434 1310 1290 1173 977 869 867 859 708 583 554 485 468 442 389 371 356 355 309 303 253 252 236 224 199 197 193 184 176 155 148 139 138 126 120 114 107 102 78 74 72 70 69 65 63 62 61 58 57 44 41 38 37 35 30 28 27 24 23 22 21 20 19 18 17 16 15 14 13 12 11 10 9 8 7 6 5 4 3 2 1 0 
31 1734 1387 1334 1310 1173 900 709 621 583 554 549 482 468 404 356 280 253 252 199 197 193 176 164 155 148 138 135 131 126 121 120 114 102 78 72 69 65 63 62 61 58 57 44 37 35 31 30 28 27 26 24 23 22 21 20 19 18 17 16 15 14 13 12 11 10 9 8 7 6 5 4 3 2 1 0 
89 1334 1200 977 914 867 751 725 624 621 583 554 485 468 355 309 303 268 252 199 193 184 164 155 152 139 138 126 121 120 114 103 82 72 70 69 65 63 58 57 44 41 38 37 36 35 30 28 27 24 23 22 21 20 19 18 17 16 15 14 13 12 11 10 9 8 7 6 5 4 3 2 1 0 
58 1334 1290 1283 1263 1122 1077 968 909 869 867 859 850 720 708 665 621 583 468 442 404 329 309 303 285 280 252 224 199 184 155 148 138 126 121 120 114 107 78 74 69 65 63 60 58 57 44 41 38 35 32 30 28 27 24 23 22 21 20 19 18 17 16 15 14 13 12 11 10 9 8 7 6 5 4 3 2 1 0 
33 1122 968 940 900 737 708 686 653 554 482 442 404 356 316 303 290 252 236 229 224 199 193 184 176 164 139 138 131 126 121 120 107 102 84 82 74 73 69 65 63 57 45 44 41 38 37 35 30 28 27 24 23 22 21 20 19 18 17 16 15 14 13 12 11 10 9 8 7 6 5 4 3 2 1 0 
92 1283 1263 1122 914 869 797 709 671 621 583 554 549 442 356 355 329 316 290 253 236 229 197 193 184 176 166 155 152 138 126 121 120 107 74 72 69 63 62 58 57 54 45 41 38 37 35 30 28 27 26 24 23 22 21 20 19 18 17 16 15 14 13 12 11 10 9 8 7 6 5 4 3 2 1 0 
37 1482 1315 1290 1184 1089 1077 1052 968 948 927 900 869 859 797 709 621 566 524 485 482 468 410 404 356 355 329 303 252 184 176 166 158 155 152 148 138 126 121 120 114 107 102 78 74 69 65 63 62 61 45 41 38 37 35 30 28 27 26 24 23 22 21 20 19 18 17 16 15 14 13 12 11 10 9 8 7 6 5 4 3 2 1 0 
84 1888 1737 1572 1554 1482 1283 1173 1089 977 968 900 709 708 621 583 554 482 468 356 236 229 199 197 184 176 166 164 155 148 145 138 131 126 120 117 114 107 102 78 74 69 65 63 62 58 57 45 37 35 32 30 28 27 26 24 23 22 21 20 19 18 17 16 15 14 13 12 11 10 9 8 7 6 5 4 3 2 1 0 
24 1671 1572 1502 1184 1173 977 919 900 867 859 725 708 624 583 485 426 355 309 303 252 236 229 199 184 164 155 148 139 138 135 126 121 120 114 102 82 78 74 70 69 65 62 57 45 44 38 37 35 32 30 28 27 24 23 22 21 20 19 18 17 16 15 14 13 12 11 10 9 8 7 6 5 4 3 2 1 0 
39 879 867 797 731 728 686 624 583 554 468 355 309 303 280 252 199 184 166 155 152 148 138 135 126 121 120 114 107 102 79 74 69 62 56 46 42 38 37 35 30 28 27 26 23 22 21 20 19 18 17 16 15 14 13 12 11 10 9 8 7 6 5 4 3 2 1 0 
98 977 919 915 907 869 859 797 621 482 426 410 355 329 253 252 236 229 184 155 148 139 138 126 121 120 114 107 82 74 72 69 65 63 62 58 55 44 41 38 37 35 30 29 28 27 26 23 22 21 20 19 18 17 16 15 14 13 12 11 10 9 8 7 6 5 4 3 2 1 0 
45 1954 1881 1714 1572 1502 1495 1482 1434 1384 1310 1173 1122 977 900 867 859 708 583 554 355 309 253 252 243 236 229 199 197 193 184 176 155 145 139 138 135 126 121 120 114 82 74 72 69 65 63 62 58 57 55 44 38 37 35 30 29 28 27 26 23 22 21 20 19 18 17 16 15 14 13 12 11 10 9 8 7 6 5 4 3 2 1 0 
50 1495 1482 1310 1200 1173 1089 968 919 900 867 859 583 485 468 404 371 355 309 303 252 199 197 184 176 164 155 148 139 138 135 126 121 120 114 112 102 72 70 69 65 63 57 56 44 41 38 37 36 35 30 28 27 24 23 22 21 20 19 18 17 16 15 14 13 12 11 10 9 8 7 6 5 4 3 2 1 0 
56 1502 1334 1315 1184 1122 968 948 914 869 867 859 850 624 621 583 485 468 355 303 280 253 252 236 224 199 184 176 155 148 145 138 135 126 121 120 114 102 78 74 72 70 69 65 63 62 58 57 56 44 41 38 37 35 30 28 27 24 23 22 21 20 19 18 17 16 15 14 13 12 11 10 9 8 7 6 5 4 3 2 1 0 
99 1679 1334 1077 1070 909 867 797 708 686 621 583 554 485 482 355 329 309 303 280 253 252 224 199 166 155 148 139 138 135 126 121 120 84 78 74 70 69 65 63 62 61 58 45 38 37 35 30 28 27 25 24 23 22 21 20 19 18 17 16 15 14 13 12 11 10 9 8 7 6 5 4 3 2 1 0 
40 1310 1263 1184 957 948 915 907 869 859 797 725 686 482 468 442 355 331 329 316 290 249 243 199 193 184 176 155 148 138 126 121 120 114 107 69 63 62 58 57 54 45 44 38 37 35 30 29 28 27 26 23 22 21 20 19 18 17 16 15 14 13 12 11 10 9 8 7 6 5 4 3 2 1 0 
1 1089 968 940 869 797 731 709 679 549 485 404 356 252 243 236 199 184 176 158 138 126 121 120 114 74 72 69 65 63 62 61 55 54 41 38 37 30 28 27 26 25 24 23 22 21 20 19 18 17 16 15 14 13 12 11 10 9 8 7 6 5 4 3 2 1 0 
11 1671 1572 1495 1434 1122 1077 1070 977 948 919 859 797 737 725 708 653 554 485 410 404 372 371 356 355 316 303 290 252 243 236 229 224 199 197 184 176 155 148 139 138 131 126 121 120 117 114 112 74 72 69 65 63 62 61 57 55 41 38 37 35 30 28 27 24 23 22 21 20 19 18 17 16 15 14 13 12 11 10 9 8 7 6 5 4 3 2 1 0 
43 1089 1077 968 948 899 797 686 679 583 485 404 356 309 252 249 243 236 199 197 187 184 176 139 138 131 126 121 114 110 107 103 82 74 72 70 69 65 63 62 58 57 55 54 38 37 30 28 27 24 23 22 21 20 19 18 17 16 15 14 13 12 11 10 9 8 7 6 5 4 3 2 1 0 
76 1315 1070 968 948 900 869 867 708 549 485 410 404 389 371 355 253 224 197 184 176 166 155 148 145 139 138 135 126 121 120 114 107 82 78 72 69 65 63 62 61 38 37 35 34 32 30 28 27 24 23 22 21 20 19 18 17 16 15 14 13 12 11 10 9 8 7 6 5 4 3 2 1 0 
0 869 815 797 720 709 708 679 655 625 554 410 331 316 309 253 236 229 224 197 184 176 166 158 155 152 139 138 126 121 120 110 107 102 72 69 63 62 61 57 44 38 37 35 30 28 27 25 24 23 22 21 20 19 18 17 16 15 14 13 12 11 10 9 8 7 6 5 4 3 2 1 0 
32 1334 1315 968 940 900 869 859 850 797 728 709 554 549 468 404 316 253 252 199 197 184 176 166 155 148 138 135 131 126 121 120 117 114 78 74 69 65 63 62 61 60 57 56 44 41 38 37 35 30 28 27 24 23 22 21 20 19 18 17 16 15 14 13 12 11 10 9 8 7 6 5 4 3 2 1 0 
87 909 907 797 709 708 679 583 554 549 371 356 355 316 309 253 243 236 199 197 184 176 166 152 145 139 138 121 120 107 102 74 72 69 63 62 57 41 38 37 35 30 28 27 26 25 24 23 22 21 20 19 18 17 16 15 14 13 12 11 10 9 8 7 6 5 4 3 2 1 0 
6 1958 1714 1597 1502 1476 1334 1310 1184 869 859 554 549 482 468 280 199 197 193 184 176 166 164 148 145 139 138 135 126 121 120 82 78 72 69 65 63 62 61 58 57 44 41 38 37 35 30 29 28 27 24 23 22 21 20 19 18 17 16 15 14 13 12 11 10 9 8 7 6 5 4 3 2 1 0 
12 1610 1591 1583 1502 1334 1310 1184 1077 968 869 859 731 708 621 554 485 468 355 199 184 176 166 155 148 145 139 138 126 121 120 107 88 78 72 69 65 63 62 61 58 57 44 38 37 35 32 30 28 27 26 24 23 22 21 20 19 18 17 16 15 14 13 12 11 10 9 8 7 6 5 4 3 2 1 0 
47 1502 1495 1310 1200 859 583 482 468 404 252 236 229 224 199 193 184 166 158 155 139 138 131 126 120 114 107 102 82 78 69 65 63 62 58 57 45 38 37 36 35 30 28 27 26 24 23 22 21 20 19 18 17 16 15 14 13 12 11 10 9 8 7 6 5 4 3 2 1 0 
54 1495 1476 1384 1263 1184 1089 968 797 737 708 655 621 583 468 451 442 404 331 309 280 268 252 243 236 224 199 197 193 184 176 166 155 148 139 138 131 126 121 120 110 84 82 78 72 69 65 63 62 61 57 44 38 37 35 30 28 27 26 23 22 21 20 19 18 17 16 15 14 13 12 11 10 9 8 7 6 5 4 3 2 1 0 
7 1610 1583 1452 1384 1315 1310 1290 1173 977 968 948 914 797 725 621 583 554 485 468 442 410 356 355 316 309 303 253 252 236 229 224 199 197 184 176 166 158 155 148 145 139 138 131 126 121 120 114 107 102 78 74 72 69 65 63 62 58 57 55 44 38 37 35 30 28 27 24 23 22 21 20 19 18 17 16 15 14 13 12 11 10 9 8 7 6 5 4 3 2 1 0 
66 907 751 725 684 554 549 524 494 485 482 404 356 355 316 309 252 236 229 211 199 184 176 166 158 155 139 138 135 131 126 121 120 114 107 102 78 74 69 65 63 61 58 57 54 37 35 30 29 28 27 24 23 22 21 20 19 18 17 16 15 14 13 12 11 10 9 8 7 6 5 4 3 2 1 0 
57 1679 1572 1495 1384 1334 1263 968 797 708 671 583 482 468 404 309 268 252 243 236 224 197 184 176 155 152 145 139 138 135 131 126 121 120 107 102 74 69 65 63 62 57 54 45 44 38 37 35 30 28 27 26 24 23 22 21 20 19 18 17 16 15 14 13 12 11 10 9 8 7 6 5 4 3 2 1 0 
78 1310 1184 940 859 797 731 485 356 355 285 252 243 236 199 184 155 145 139 138 131 126 120 102 74 72 69 65 63 62 58 57 45 44 38 37 35 32 30 29 28 27 24 23 22 21 20 19 18 17 16 15 14 13 12 11 10 9 8 7 6 5 4 3 2 1 0 
19 961 948 940 900 859 708 583 482 468 410 404 356 355 309 303 253 252 243 236 184 155 148 139 138 131 126 121 120 114 107 102 82 78 72 69 65 63 62 61 58 57 56 45 44 38 37 35 32 30 28 27 23 22 21 20 19 18 17 16 15 14 13 12 11 10 9 8 7 6 5 4 3 2 1 0 
