500
0 9990 9968 9930 9903 9852 9848 9842 9834 9688 9669 9659 9615 9545 9533 9483 9461 9453 9443 9404 9374 9301 9299 9270 9265 9244 9224 9199 9197 9160 9139 9138 9129 9075 9043 9023 9013 9007 8994 8920 8910 8841 8832 8830 8812 8722 8716 8711 8671 8644 8618 8498 8495 8491 8470 8462 8431 8406 8387 8293 8284 8212 8193 8183 8140 8134 8130 8125 8105 8069 8043 8005 7997 7968 7949 7883 7880 7874 7864 7852 7806 7791 7782 7762 7759 7736 7732 7713 7709 7699 7652 7575 7545 7517 7438 7429 7413 7296 7285 7240 7234 7219 7179 7153 7120 7055 7049 7012 7001 6986 6978 6938 6920 6827 6778 6692 6672 6635 6613 6584 6547 6538 6537 6534 6482 6470 6467 6458 6404 6327 6296 6258 6170 6153 6141 6134 6101 6082 6054 6049 6044 6030 6021 6020 6014 5962 5917 5880 5869 5862 5848 5788 5775 5762 5748 5715 5677 5643 5507 5458 5448 5445 5437 5412 5386 5341 5340 5326 5322 5307 5248 5219 5156 5099 5097 5064 5053 4985 4958 4909 4901 4855 4824 4765 4728 4679 4664 4624 4531 4527 4377 4362 4352 4341 4340 4326 4314 4311 4199 4180 4134 4129 4107 4071 4035 4027 4020 3982 3936 3894 3885 3877 3836 3830 3783 3758 3753 3728 3602 3586 3584 3543 3521 3379 3376 3371 3316 3261 3163 3146 3144 3111 3106 3077 3074 3050 3032 3023 3012 2986 2962 2904 2892 2790 2704 2685 2666 2662 2643 2630 2615 2555 2480 2439 2437 2422 2414 2407 2340 2327 2322 2288 2264 2240 2182 2175 2155 2128 2121 2013 1984 1979 1956 1871 1774 1763 1752 1731 1670 1668 1625 1601 1557 1534 1524 1496 1454 1429 1383 1353 1343 1299 1289 1238 1134 1125 1121 1117 1105 1058 1042 979 935 925 847 843 838 780 745 732 719 625 569 450 447 427 420 412 374 352 321 259 238 205 199 183 148 139 135 116 84 79 76 2 
1 9968 9931 9930 9903 9848 9842 9731 9615 9573 9533 9453 9444 9349 9270 9265 9244 9224 9199 9178 9139 9129 9107 9086 9075 9007 8994 8907 8883 8794 8663 8644 8528 8491 8487 8470 8431 8396 8387 8343 8293 8284 8248 8235 8227 8212 8134 8125 8116 7992 7949 7902 7899 7883 7880 7795 7762 7751 7732 7713 7709 7699 7669 7652 7575 7456 7438 7413 7296 7267 7266 7240 7193 7153 7133 7120 7088 7055 6967 6938 6899 6778 6744 6712 6672 6635 6613 6611 6547 6545 6538 6534 6467 6465 6458 6428 6360 6327 6306 6281 6270 6258 6187 6161 6134 6101 6049 6030 5898 5880 5869 5783 5762 5748 5715 5677 5507 5446 5412 5401 5219 5072 5064 5003 4985 4948 4901 4855 4786 4664 4660 4558 4539 4531 4501 4400 4377 4352 4341 4340 4326 4314 4311 4222 4199 4176 4170 4151 4060 4035 3982 3961 3936 3894 3877 3830 3783 3584 3543 3541 3521 3432 3427 3376 3371 3158 3144 3113 3103 3074 3043 3032 3023 3012 3006 3004 2962 2943 2904 2898 2858 2773 2666 2643 2630 2555 2413 2349 2346 2340 2327 2288 2240 2158 2155 2136 2114 2052 1984 1979 1784 1774 1750 1710 1668 1625 1571 1560 1552 1534 1476 1429 1375 1358 1348 1299 1256 1252 1216 1149 1134 1121 1083 979 952 935 876 761 753 745 707 650 647 625 569 552 523 477 476 450 447 412 369 321 311 300 259 105 88 79 7 2 
2 9968 9713 9615 9545 9533 9465 9244 9230 9224 9160 9114 9040 9008 8994 8922 8896 8812 8711 8685 8609 8599 8580 8462 8423 8406 8209 8145 8130 8125 8121 8068 8062 8043 7997 7949 7883 7845 7790 7762 7709 7474 7438 7429 7413 7355 7296 7285 7204 7153 7085 7029 6986 6938 6889 6827 6737 6687 6675 6621 6613 6608 6584 6258 6216 6101 6060 6054 6014 5962 5899 5880 5848 5752 5715 5458 5451 5445 5359 5339 5307 5038 5029 5006 4958 4928 4923 4909 4801 4787 4765 4760 4624 4527 4526 4385 4314 4286 4045 3981 3964 3944 3936 3894 3877 3869 3792 3751 3700 3533 3521 3468 3395 3377 3285 3079 3032 3012 2986 2983 2962 2875 2847 2790 2704 2699 2611 2569 2555 2537 2518 2304 2288 2240 2183 2121 2058 2013 2005 1904 1763 1657 1647 1557 1496 1401 1299 1145 1134 1105 1091 991 951 949 935 838 574 541 511 468 457 427 352 321 238 221 208 200 199 155 79 7 2 
3 9990 9955 9933 9842 9464 9404 9347 9219 9013 9007 8994 8958 8832 8722 8716 8696 8671 8498 8484 8431 8332 8125 8092 8053 8005 7933 7736 7713 7710 7709 7699 7652 7630 7519 7333 7240 7206 7153 7105 7077 6938 6692 6613 6550 6547 6534 6492 6482 6465 6327 6178 6153 6141 6067 6021 5964 5880 5860 5821 5772 5762 5656 5412 5341 5340 5326 5295 5064 4985 4679 4561 4531 4463 4457 4423 4399 4367 4350 4345 4343 4234 4093 4079 4027 3936 3926 3914 3885 3827 3784 3758 3630 3561 3371 3363 3316 3304 3240 3232 3163 3106 3104 3077 2962 2870 2857 2679 2670 2643 2615 2595 2555 2533 2486 2475 2288 2263 2260 2240 2209 2192 2060 1956 1774 1670 1668 1546 1454 1383 1343 1328 1246 1139 1105 1042 979 935 925 847 776 712 518 427 412 395 321 267 250 205 79 
4 9979 9733 9551 9533 9461 9301 9120 9014 9007 8910 8844 8600 8512 8439 8428 8307 8293 8125 8104 7997 7987 7787 7759 7742 7652 7629 7586 7569 7517 7481 7438 7210 7153 6922 6778 6470 6447 6424 6404 6369 6347 6269 6082 6030 6029 5921 5902 5862 5848 5715 5437 5386 5322 5251 5014 4967 4941 4828 4717 4619 4377 4352 4180 4091 4034 3982 3958 3950 3842 3703 3509 3507 3331 3184 3144 3119 3089 2986 2892 2818 2768 2735 2673 2668 2643 2555 2491 2288 2240 2085 2064 1986 1984 1979 1934 1799 1728 1668 1611 1580 1391 1353 1238 1125 1066 925 850 813 732 583 569 496 427 399 367 321 246 188 148 
5 9545 9533 9518 9510 9354 9215 9036 9032 8797 8756 8728 8345 8269 8193 8185 8174 8150 7992 7950 7771 7762 7732 7694 7652 7511 7486 7439 7429 7379 7367 7361 7053 7044 6855 6797 6771 6698 6676 6630 6351 6196 6170 5887 5885 5553 5492 5483 5340 5111 5090 4988 4901 4886 4884 4855 4765 4728 4340 4317 4199 4168 4108 4004 3932 3905 3877 3836 3830 3781 3750 3731 3543 3513 3316 3207 3061 3053 2650 2538 2422 2345 2240 2155 2109 2100 1790 1668 1504 1339 1117 1105 1025 979 843 838 782 652 569 560 550 427 420 352 321 133 116 108 84 2 
6 9968 9822 9677 9669 9623 9374 9299 9265 9260 9023 9004 8880 8644 8566 8418 8344 8284 7949 7919 7653 7434 7426 7289 7200 7153 7147 7088 7026 6982 6903 6875 6635 6537 6528 6486 6428 6332 6285 6134 6101 5838 5758 5645 5397 5239 5219 5149 5112 4985 4962 4909 4870 4824 4783 4626 4437 4176 4020 3894 3877 3752 3665 3597 3380 3236 3051 3012 2962 2732 2555 2426 2240 2150 2128 2028 2019 2003 1868 1831 1822 1736 1638 1430 1287 1256 1058 863 774 640 557 374 325 247 220 183 177 79 46 30 
7 9991 9908 9709 9688 9637 9600 9565 9467 9436 9244 9197 9050 8987 8848 8830 8711 8495 8140 8134 8116 8022 7968 7949 7922 7852 7820 7806 7688 7521 7252 7213 7162 7013 7012 6827 6744 6671 6631 6549 6503 6487 6258 6236 6226 5997 5643 5572 5504 5462 5194 5175 5163 5141 5099 4957 4893 4664 4442 4107 3981 3758 3320 3251 3249 3111 3074 3073 2962 2856 2707 2537 2340 1984 1962 1950 1942 1900 1739 1731 1625 1572 1571 1542 1534 1524 1505 1149 935 921 867 860 726 673 545 321 90 79 
8 9988 9607 8994 8982 8907 8887 8858 8841 8687 8618 8539 8507 8498 8445 7956 7948 7929 7756 7553 7459 7456 7392 7267 7087 7050 7048 6949 6946 6899 6895 6739 6588 6547 6538 6331 6280 6115 6095 6021 5966 5895 5810 5543 5304 5193 5063 4912 4647 4269 3841 3835 3753 3584 3326 2979 2929 2902 2589 2533 2240 2001 1642 1557 1479 1476 1289 1252 1195 1079 937 755 663 647 447 443 425 135 79 2 
9 9777 9720 9654 9640 9573 9398 9290 9003 8601 8491 8450 8259 8193 8105 8005 7438 7314 7254 7153 7126 6967 6785 6765 6712 6699 6611 6458 6454 6250 6137 6075 6074 6073 6054 6044 6020 5869 5788 5654 5636 5547 5507 5446 5445 5349 5288 5155 4780 4639 4531 4356 4326 4314 4230 3837 3836 3723 3602 3567 3537 3243 3125 3012 2867 2790 2704 2383 2184 1734 1668 1601 1498 1336 1223 1167 1164 1137 935 650 279 79 76 2 
10 9993 9970 9940 9842 9806 9758 9731 9337 9224 9075 9027 8881 7833 7615 7606 7485 7413 7320 6986 6731 6545 6391 6258 6187 6100 6063 5948 5849 5784 5660 5583 5500 5234 5043 4801 4752 4606 4494 4377 4107 3823 3792 3720 3547 3203 3022 2900 2760 2741 2651 2554 2274 2264 2074 2058 1981 1956 1763 1515 1512 1510 1305 1299 691 638 475 412 397 254 79 2 
11 9898 9283 9132 9083 8713 8484 8386 8267 8146 7895 7751 7652 7454 7180 6748 6734 6650 6469 6292 6139 6014 5767 5702 5580 5546 5212 5156 5033 5006 4907 4784 4539 4199 3757 3543 3491 3453 3408 3064 3012 2978 2892 2875 2662 2600 2577 1780 1752 1665 1562 1555 1323 1260 1157 955 828 730 538 427 376 269 79 
12 9480 9259 9244 8931 8531 8257 8220 8210 8167 8157 8081 8069 7874 7861 7856 7782 7755 7709 7641 7321 7304 7285 7198 6945 6920 6786 6687 6669 6359 6153 6099 6011 5962 5871 5826 5509 5400 5253 5248 4959 4890 4507 4401 4011 3936 3894 3393 3376 3012 2970 2932 2810 2774 2617 2555 2458 2412 2404 2240 2146 1383 1150 552 527 454 110 
13 9989 9836 9659 9580 9496 9478 9273 9137 8908 8816 8733 8690 8634 8325 8233 7919 7786 7736 7659 7240 6980 6817 6608 6390 6385 6376 6281 6067 6046 5715 5639 5451 5412 5383 5277 5132 4567 4418 4326 4314 4035 3700 3528 3343 3102 3047 3012 2121 2013 1607 1495 1343 1248 1206 1153 1043 1020 930 910 901 896 780 759 732 707 675 183 
14 9892 9829 9800 9666 9646 9555 9199 9191 9025 8994 8812 8375 8188 8125 7864 7744 7698 7439 7072 7023 6833 6810 6592 6554 6464 6460 6413 6306 6301 6071 5962 5860 5548 5270 5104 4348 4286 4170 4071 3673 3586 3405 3303 3190 3163 3020 2958 2693 2513 2485 2240 2113 1858 1852 1628 1583 1546 1071 437 405 
15 9947 9848 9576 9573 9533 9211 9160 9031 8930 8883 8814 8579 8406 8217 7842 7349 7233 7216 7123 7068 6938 6913 6681 6415 6387 6161 6028 6001 5880 5710 5662 5457 5097 4965 4749 4517 4402 4070 4056 3982 3937 3795 3783 3728 3505 3427 3032 3005 2752 2652 2608 2583 1710 1140 1050 761 523 321 238 176 132 
16 9982 9968 9764 9735 9621 9404 9244 8922 8663 8528 8506 8135 8055 8049 7949 7610 7602 7545 7183 6827 6772 6652 6584 6453 6343 6327 6324 6141 5996 5862 5848 5704 5474 5365 5122 4971 4843 4104 4077 3745 3675 3383 3379 2685 2439 2414 2203 1465 1396 1181 745 695 687 541 221 207 
17 9968 9604 9425 9351 8947 8831 8227 8195 8189 8169 8078 7788 7622 7335 7280 7165 7153 7142 7055 6889 6400 6030 5896 5780 5099 4528 4079 4068 3894 3653 3504 3377 3362 3172 3160 3113 3079 3049 2986 2962 2817 2611 2569 2444 2409 2212 2030 1912 1784 1761 1711 1405 1123 670 456 444 340 
18 9968 9795 9703 9586 9470 9395 9293 9281 8893 8722 8387 7733 7568 7517 7419 7290 7138 7101 6836 6613 6502 6326 6251 6216 5993 5961 5899 5857 5471 5359 5005 4901 4786 4684 4628 4558 4378 4214 3883 3539 3285 3262 3251 3074 2962 2897 2739 2613 2480 2396 2240 2171 1770 1216 1110 1081 802 259 
19 9842 9723 9704 9522 9463 9010 9007 8693 8651 8221 8183 8008 7883 7762 7513 7474 7365 7266 7151 6770 6134 5981 5434 5166 4822 4695 4636 4520 4504 4311 4060 3964 3963 3936 3541 3463 3354 3158 2962 2951 2927 2598 2256 1948 1658 1560 1293 1175 865 660 321 200 139 56 
20 9428 9169 8904 8900 8776 8775 8726 8487 8406 8218 8068 7960 7762 7749 7699 7598 7570 7296 7243 7167 7163 6829 6778 6451 6423 6201 6061 5247 5211 5129 4705 4302 4199 3714 3607 3226 3146 2870 2413 1898 1889 1791 1702 1534 1454 1383 1242 1227 977 917 668 352 332 300 
21 9649 8912 8618 8363 8176 8017 7683 7457 7423 7064 7057 7036 6802 6790 6750 6374 5917 5794 5065 5054 5019 4855 4692 4670 4450 4359 4354 4313 3758 3664 3395 3316 3240 2986 2972 2740 2565 2393 2239 2125 2038 1774 1365 1364 847 719 511 325 
22 9965 9632 9579 9548 9089 9007 8686 8307 8284 8248 8092 8089 8015 7932 7791 7369 7039 7038 7007 6909 6842 6677 6499 6360 6270 6049 5885 5698 5677 5604 5389 5053 5030 4928 4399 4027 3827 3801 3789 3234 3077 3006 2288 2052 1923 1833 1762 1719 1705 1581 1554 1289 1276 1176 321 218 
23 9689 9144 8681 8125 8111 8040 7740 7396 7202 6334 6188 5748 5520 5477 5412 5245 5138 4823 4760 4658 3905 3751 3704 3352 3093 3074 2962 2895 2771 2595 2240 2198 2057 2002 1345 993 753 683 551 478 372 246 239 
24 9931 9807 9444 9332 9107 9043 8932 8414 8030 7984 7526 7240 7085 7053 6962 6762 6705 6355 6070 5656 5437 5433 5198 4730 4252 4176 4021 3885 3545 3493 3319 3225 3195 2643 2607 2232 2136 2123 2114 1846 1570 871 866 790 469 252 
25 9380 9299 9129 9008 8918 8863 8671 8644 8352 8342 8256 8142 7725 7699 7664 7634 7579 7519 7476 7410 7179 6970 6859 6672 6509 6054 6024 5589 5232 5228 4985 4913 4661 4362 4232 4007 3894 3684 3612 3465 3268 3144 3092 3081 2518 2176 2175 1750 979 934 834 524 321 295 
26 9930 9757 9652 9645 9598 9594 8874 8702 7278 7105 7056 6610 6458 6437 6261 5815 5802 5756 5609 5443 5064 5052 4086 3820 3575 3241 3230 3007 2846 2155 1850 1319 979 857 709 468 286 232 141 
27 9885 9671 9248 9181 9159 8836 8106 7811 6625 6616 6296 6258 6130 5946 5889 5504 5387 5254 5069 4698 3914 3843 3520 3229 3164 2876 2842 2603 2382 2321 1963 1686 1641 1401 1125 1085 1058 876 745 369 329 
28 9837 9633 9493 9485 9435 9205 8986 8925 8780 8570 8251 8212 7880 7706 7260 7049 7037 6298 6254 5869 5429 5401 5386 5341 4951 4844 3706 3681 3403 3052 2699 2670 2240 1979 1932 1917 1916 1737 1668 1328 1174 842 783 756 131 2 
29 9957 9684 9521 9476 9414 9230 9187 8978 8014 7509 7413 7367 6767 6482 6438 6102 5925 5798 5768 5748 5674 5301 5038 4970 3923 3865 3023 2773 2543 2327 2139 2029 1779 1749 935 872 575 467 457 227 79 75 
30 9697 9487 9374 9265 9260 9256 9192 8990 8949 8649 8644 8121 8060 8027 7998 7888 7599 7219 6544 6467 6084 5668 4901 4880 4645 4616 4203 4156 4069 3656 3582 3434 3101 2791 2736 1800 1625 1354 1083 950 935 358 79 
31 9995 9887 9608 9007 8973 8787 8710 8309 7146 6613 6445 6421 5942 5726 5661 5502 5413 4966 4622 4591 4340 4034 3870 3456 3364 2730 2696 2555 2322 2318 2189 2121 1984 1528 1329 731 485 307 
32 9364 9216 9073 8856 8812 8539 8131 7845 6635 6492 6404 6029 5979 5910 5605 5304 5150 4985 4974 4834 4586 4414 4081 3982 3651 3576 3498 3153 3135 2857 2806 2698 2676 2480 2464 2288 1918 1871 1869 1538 1292 1265 1145 1091 971 643 
33 9325 9301 9014 8927 8396 8058 7429 6921 6863 6727 6671 6511 6369 6320 6149 5995 5339 5185 4691 4324 4294 3238 2634 2192 1935 1868 1613 1439 1142 820 793 782 718 639 145 
34 9848 9775 9593 9453 9075 8894 8532 8462 7852 7696 6961 6798 6643 6280 6244 6196 6144 5909 5525 5494 5467 5335 4755 4719 4400 4308 4066 3982 3305 2962 2910 2866 2630 2392 2304 2147 1134 794 738 427 151 
35 9261 9206 8934 8854 8614 8377 8090 7938 7896 7607 7347 7259 7135 7078 6362 6336 5962 5846 5795 5286 5095 4429 3117 2873 2288 1839 1579 1348 1077 895 438 10 3 
36 9713 9440 9409 9133 9086 8605 8387 8306 8287 8043 7525 7191 7082 6305 5408 5385 5295 5117 4333 4212 4129 3812 3476 3275 2240 2161 1680 1031 921 798 792 219 102 
37 9816 9815 9139 8300 8294 7742 7193 6853 6398 6134 6082 6062 5992 5700 5390 5340 5333 5216 5171 5085 4909 4804 4407 4337 4314 4260 3835 2877 2871 2643 2342 2288 1299 1101 960 858 413 385 310 130 
38 9834 9540 9533 8910 8743 8716 8684 7670 7040 6938 5884 5773 4842 4667 4036 3989 3895 3863 3814 3679 3540 3044 2578 2407 2265 1929 1796 1741 1657 1610 1009 678 447 199 
39 9979 9955 8815 8628 8580 8145 8134 7902 7536 6495 6377 6198 5964 5797 5775 5531 5188 5177 4879 4866 4709 4055 4020 3935 3363 2979 1940 1931 1282 1219 912 610 585 557 513 276 22 
40 9936 9498 9377 9349 9218 9185 8911 8753 8005 7952 7949 7883 7795 7542 7178 6815 6808 6683 6416 5737 5224 4923 4766 4437 3553 3513 3468 3454 2794 2764 2744 2340 1668 1534 989 
41 9026 8552 8223 8124 7759 7709 7630 7153 6931 6867 6827 6639 6354 5989 5643 5526 5523 5292 5258 4901 4797 4529 4431 4310 3969 3882 3877 3103 3095 3072 3050 2898 2615 2526 1721 1204 1141 708 569 155 58 
42 9443 9311 9219 8855 8598 8593 8503 8491 8405 8392 8362 7720 6615 6584 6555 6311 5503 5416 4470 4282 3425 3308 3111 3080 2653 2423 2156 1036 979 946 703 545 210 
43 9846 9407 9138 8998 8899 8830 8711 8491 8345 8209 8109 7912 7684 7008 6869 6538 6262 6143 5902 5872 5362 4350 4342 4134 3909 3811 3728 2512 2489 2335 1633 1436 1281 1220 676 321 
44 9780 9313 9115 9085 8994 8268 8028 7822 7604 7318 7204 6547 6465 6048 5607 5555 5418 5307 4627 4541 4241 4159 4106 4035 3637 2783 2307 2275 1984 1920 1740 1728 901 79 
45 9865 9791 9208 9199 9040 8989 8770 8371 7069 7060 6955 6953 6409 5980 5933 5771 5762 5519 5445 5326 5316 4624 4526 4178 3942 3670 3219 3088 2792 2191 1310 1295 686 
46 8920 8880 8838 8554 8441 8054 7961 7899 6817 6729 6675 6532 6526 6020 5901 5867 5547 5178 5063 4699 4486 4439 3830 3743 3629 3053 2247 1987 1624 1429 673 14 
47 9751 9391 8794 8793 7481 7355 7336 7253 6528 6523 6512 6330 6222 6022 5323 4973 4433 3916 3726 3013 2917 2863 2737 2462 1905 1822 374 272 190 
48 9499 9036 9013 8782 8574 8361 7657 7569 6623 6470 6434 6338 6260 6186 5719 5690 5676 5384 4580 4497 3537 3304 3227 3163 2784 2711 2128 285 164 
49 9692 9605 9270 9172 8455 8270 7669 7200 6587 6525 6101 5777 5713 5552 5294 5062 4939 4444 4314 4234 4037 3970 3797 3474 3174 2223 2005 944 873 528 
50 9451 8859 8062 8029 7434 7221 7055 6604 6550 6323 6214 6184 5825 5793 5715 5501 5029 4888 3792 3784 3603 3432 3374 3278 3048 2938 2647 2403 2240 2032 1569 1523 1352 1273 1121 425 
51 9903 9745 9385 9376 9233 7977 7673 7652 7575 7296 7199 7141 6551 5982 5907 5747 5740 4798 4574 3819 3718 3707 3602 2721 1566 1425 1387 1375 935 697 463 427 
52 9755 9619 9330 8685 7933 7868 6967 6938 6925 6717 6666 5875 5785 5583 4372 4327 3821 3657 3371 3345 2962 2624 1939 1668 1414 796 744 606 82 2 
53 9871 9655 8612 8581 8245 8140 7699 7647 7517 7467 7431 7153 6844 6662 5566 5322 5045 4977 4537 4091 3727 2745 2735 2690 2666 2326 2292 2143 2095 1112 1095 714 133 
54 9901 9711 9523 9515 8522 7438 7293 6701 6129 5839 5440 4647 4501 4416 4063 4033 3631 3596 2070 1978 1774 1535 1472 1241 
55 9943 9918 8935 8600 8599 8290 8234 7971 7834 7234 7131 6673 6257 5801 5730 5248 5061 4828 4065 3839 3320 3199 3184 2746 2692 2633 2349 2182 1585 1367 18 
56 9600 9533 8862 8723 7807 7752 7688 7665 7549 7351 7092 6920 6898 6861 6584 6417 5869 4945 3885 3842 3672 2088 1937 1297 987 761 656 355 273 61 
57 9831 9716 9545 9271 8888 8729 8512 8282 8150 8136 7936 7350 7302 6891 6737 6698 6547 6491 5880 5866 5097 4629 3946 3894 3447 3386 2010 1542 267 259 182 72 
58 9323 9055 8533 8524 8442 7948 7920 7864 7133 7116 6627 6496 6479 6053 5143 4873 4311 3497 3186 3147 2879 2781 2677 2344 1860 1831 1807 1731 1534 1449 1137 321 
59 9878 9449 9357 9197 8939 8671 8331 8077 7771 7447 7289 7261 6567 6282 5126 4788 3936 3708 3496 3222 2828 2668 2597 2150 2014 1942 1044 394 183 
60 9609 9238 9215 8891 8431 8340 8332 8087 7829 7772 7713 7631 7541 6880 6218 6197 5755 5659 5391 4326 3683 3581 3533 3159 2787 1106 1059 646 79 
61 9843 9370 9315 9083 9048 8841 8658 8387 7364 7333 7320 6327 6103 5752 5465 5446 4972 4610 4442 4199 4020 3753 3521 3270 3188 3089 3032 1855 1593 1496 1122 770 476 367 354 278 90 
62 9116 9114 8451 7965 7618 6941 6851 6054 5482 5278 5230 5192 4546 4365 4047 3877 3798 3781 3243 2496 2483 2240 2165 1757 1682 898 829 81 
63 9740 9602 9312 8878 8583 7949 6547 6351 6163 5257 4612 4420 4277 4264 3486 2168 1644 1341 1154 1130 648 616 244 79 
64 8748 8698 8683 8586 8470 8333 8170 8074 7756 6949 6840 6622 6060 5922 5373 5172 5103 4811 3758 3715 3557 3144 2894 2818 1619 1366 952 365 79 
65 9582 9255 9236 8848 8700 8582 7880 7851 6696 6539 6482 5655 5026 4572 3987 3254 3043 2811 2422 1615 1574 1343 1212 1040 699 455 336 111 2 
66 9920 9798 9080 8800 7736 7153 6954 5715 4995 4946 4805 4771 4720 4385 4238 4224 3509 3265 3121 1423 1075 883 690 379 
67 9803 9607 9290 8269 7169 7120 6403 5912 5762 4633 4280 4054 3853 3802 3376 3375 3081 3012 2923 2797 2750 2343 2319 1997 1969 1773 1117 1105 1032 949 44 
68 9917 9071 8499 8337 8105 7115 6295 6175 6166 4941 4847 4352 4222 3864 3409 3297 3231 3098 2639 1651 1380 1019 666 450 427 349 
69 9583 9433 9124 9091 9045 8980 8711 8572 8425 8134 6991 6963 6030 5962 5742 5679 4727 4602 4002 2990 2962 2542 2327 2016 1841 1056 716 622 
70 9842 9032 8803 8508 7939 7728 7556 7452 7425 7409 7356 7276 6924 6427 6406 6067 5855 4619 4527 4367 3752 3173 2856 2855 2486 2454 1877 700 
71 9722 9109 8807 8578 8130 7975 7806 7136 7077 7041 6978 6752 6747 6234 5715 5412 5348 5240 5124 3766 3757 3312 2650 2298 1984 1859 1192 284 255 
72 9719 9316 9295 7177 5442 4397 4281 4223 4057 3965 3894 3561 3314 2939 2685 2591 2274 1979 1941 1878 1332 991 804 601 283 
73 9712 8994 8852 8789 8461 7240 6928 6370 6155 6044 5430 5218 4948 4216 4004 3961 3720 3584 3541 3355 2278 2100 1238 1218 1209 1139 867 776 729 366 
74 9563 8824 8386 8358 7732 6809 6189 6015 5913 5800 4997 4561 3380 3256 3004 2760 2107 1521 1471 1287 1259 1004 945 784 502 225 105 
75 9997 9961 9065 9047 8907 8885 8688 8531 8133 7435 6613 6413 6321 6051 5818 5468 4752 4728 4249 3982 3699 3630 2476 1845 1452 554 465 139 
76 9005 8495 8254 8252 7708 7210 7044 6952 6680 6193 5950 5318 4558 4253 4210 4095 3755 3666 3588 3555 3543 3120 2943 1290 1247 1043 625 
77 9842 9442 8784 8696 8498 8179 7652 7379 7373 6860 6743 6578 5329 5090 4787 3932 3762 3700 3267 3073 2986 2911 2465 2426 2064 1208 1169 836 752 590 84 79 13 
78 9993 9352 8571 8491 8453 8156 7180 7004 6838 6651 6473 6034 5834 5534 4468 3530 3025 2994 2601 2001 1786 1183 1086 499 
79 9786 9721 9635 9317 8896 8708 8052 8049 7904 7429 7127 6875 6691 6274 5861 5088 4967 4584 3552 3220 2904 1924 1798 613 
80 9904 9162 8790 8562 7737 7448 7399 7075 6537 6195 5897 5621 5214 4765 3128 2505 2346 2305 2109 2008 1301 981 564 501 205 
81 9852 9838 9822 9667 8714 8493 8319 7692 6918 6773 6613 6566 6484 6391 5441 5193 5060 4886 4361 3936 3889 3747 3178 3100 2019 654 264 
82 9874 9804 9742 8967 8480 8313 7291 6670 6653 5880 5459 4188 3869 3836 3590 3549 3495 3417 2604 2569 1835 603 321 126 
83 9302 8844 8176 8168 8056 7970 7790 7185 7155 6914 6538 6148 5904 4916 4857 4697 3610 1933 1531 1491 1132 767 220 33 
84 9533 8829 8652 7796 7699 7537 7521 7154 6619 6487 6283 5407 4905 4651 4596 4343 4150 3817 3269 3056 3036 2753 2263 1478 765 
85 8754 8632 8486 8473 8456 8231 7681 6915 6447 5716 5536 5219 4954 4179 3665 3562 3233 2474 1464 642 253 118 
86 9066 8344 6768 6631 6356 5966 5962 5615 4505 4285 3981 3958 3535 3379 3024 2651 2568 2516 2240 2112 2066 1377 1097 1060 454 
87 9830 9253 9075 9007 8343 8203 8069 5703 5687 5645 5358 4925 4100 4080 3494 3144 2729 2580 1959 1685 889 257 2 
88 9480 8938 8922 8350 8031 6938 6865 6087 4641 4102 3729 3313 2570 2202 2058 1953 1775 1306 250 211 123 
89 9820 9657 8601 8286 8044 7820 7545 7239 6984 6613 6519 5623 5072 4389 4243 4123 3926 3831 3783 3066 2674 2266 2121 1533 345 
90 9505 9501 9483 9244 9063 8403 7859 7641 6608 6594 6530 5997 5466 4614 4377 4300 4226 3897 2962 2401 2164 1608 1353 1051 933 925 352 
91 9787 9669 8243 7643 6960 6303 6092 5783 5515 4664 4423 3441 3284 3255 2982 2966 2962 2121 2072 1463 1255 427 417 172 167 
92 9569 8936 8516 7855 7602 6656 5715 5567 5412 5330 5268 5053 4680 4607 4583 4317 4180 3330 2433 2302 1769 722 
93 9094 8928 8810 8765 8556 6999 6899 6598 4092 3748 3149 3022 2798 2767 2673 2662 2003 1826 1606 935 787 518 517 122 
94 9858 9728 9056 8304 7802 7754 7616 7511 7170 7090 6702 5880 5813 5437 5109 4855 4626 3241 3114 3015 2774 574 487 174 137 
95 9986 8224 8005 7987 7486 7086 6617 6534 6140 5998 5695 5658 4230 3669 3307 2962 2954 2865 2127 1834 734 505 
96 9994 9676 9528 9197 7147 6588 6139 5724 5587 5409 4548 3876 3381 3023 2149 1781 1666 1246 1124 281 238 101 
97 9149 8981 8236 7978 7775 7108 6674 6230 6191 5728 5715 5280 4988 4985 4660 3290 2437 2416 1956 1552 1267 1156 915 
98 9194 8549 8478 8418 7751 7095 7045 7000 6412 6388 6134 5678 5457 4958 4929 3772 2968 2533 2190 2013 1370 1034 
99 9021 8832 8373 7885 7606 6736 6105 5194 4774 4569 4491 3165 3099 3006 2906 2376 1567 1072 956 935 400 188 
100 9903 9848 9581 9551 9368 9348 9252 9135 8870 8538 8151 6021 4043 3750 3736 3429 3356 2929 2185 1971 874 742 412 287 79 34 
101 9741 9681 9400 8452 8260 8125 7821 7699 7321 6849 6414 6083 5816 5406 4819 4162 3871 3110 2884 2544 
102 9467 9268 9015 8842 8193 7889 7780 7739 7719 7205 6490 5831 5355 5044 3702 3012 1694 1133 243 
103 8423 7893 7586 5738 5715 5565 4898 4693 4462 3956 3697 3008 2988 2926 1697 1430 1335 966 882 489 475 
104 9007 8822 8428 7143 7001 5894 5863 5670 5356 5334 5105 4677 4635 4299 4193 3538 2962 2885 2844 2299 1327 
105 9347 9129 8722 8465 8067 7883 7732 7477 7173 6618 6486 6464 6057 4901 4832 4799 3377 3261 3003 2643 2630 2358 2320 813 786 684 482 450 441 324 
106 9750 9007 8419 8308 7652 7473 7438 6734 5696 5632 5182 5067 4937 4455 4117 3910 3804 3515 3303 3263 2946 1696 39 
107 9688 9606 9139 8677 8071 7054 6507 6126 5412 4878 4511 4349 3634 3479 2545 2355 1789 1501 861 159 
108 9029 8837 8172 8036 7762 7400 6738 5693 3460 2858 2795 1794 1776 1233 771 760 529 157 
109 9968 9638 9359 8154 8114 7747 7709 7110 7030 6692 6251 6042 5871 5868 5715 5269 4464 3808 3586 2077 1066 671 402 183 178 108 
110 9933 9096 7560 7252 7160 7034 6881 6468 6170 5772 5767 5715 5317 5189 4821 3054 2446 1303 1185 1042 675 548 
111 9746 9264 9254 7597 7337 7316 6408 6040 5770 5541 5458 5180 4358 3119 2288 1496 1296 667 521 519 
112 9007 8427 6478 6365 5677 5379 4785 4739 4352 4173 4035 4029 2892 2847 2616 2551 2466 2431 1790 1722 1668 733 674 553 76 
113 8905 8592 7980 7769 7652 7331 6541 6459 6381 5630 5505 5445 5161 5145 4777 3485 2559 1396 494 
114 9235 8523 7484 7120 7026 5666 4984 4963 4369 4245 3813 2965 2411 835 819 609 343 271 2 
115 8388 8043 7677 6883 6695 6636 6367 5735 5732 5507 4944 4704 4544 3510 2962 2264 1793 1631 1064 362 
116 9507 9481 8042 6075 5784 5108 4707 4644 4213 4168 4110 3566 2463 1445 1441 1264 134 
117 9912 9384 9030 8573 6292 5840 5162 5131 4669 4258 4254 3543 3046 2986 2660 2325 2201 1884 1524 1402 1299 1252 
118 9341 8239 7572 7489 6895 5746 5351 5082 4924 4840 3998 3416 3154 2704 2586 2555 2071 2062 1904 1562 1049 2 
119 9805 9789 8766 8712 7314 6993 6758 6302 6250 5962 5343 5251 4803 4714 4481 2294 2183 1962 1373 1330 1315 552 175 
120 9335 9169 9130 8985 8969 8097 7063 6920 6477 6101 4522 3894 3134 3109 2731 2340 1829 1661 353 168 112 
121 9717 8320 7950 7881 7789 7675 7426 7219 6986 6774 6724 6467 6225 5688 5271 5206 3316 2413 2240 1806 1147 1016 965 
122 9178 8719 8439 8242 7637 7280 7156 6787 6640 6560 6281 5917 5651 5340 5086 5027 3580 3157 2640 1611 410 79 6 
123 9848 9615 9431 9087 8762 8360 7212 7012 6313 5543 5241 4813 4726 4133 3967 3806 3158 2546 1457 1369 626 321 
124 9734 9174 8853 8336 8279 7922 6896 6621 6401 6061 5758 5514 5110 5005 3999 3012 2452 2117 1930 1848 1847 1050 828 79 
125 9911 9876 9200 9041 8227 7949 7929 6190 5548 3776 3521 3508 2896 2286 1678 1426 1356 964 713 
126 9757 9510 9324 9042 8338 7815 6973 6226 6168 5368 5164 4347 4192 4015 3414 3244 2171 1964 1625 1081 304 
127 9538 9436 9416 8798 7071 6968 6795 6613 6436 6324 6089 4983 4624 3830 3648 2782 2697 1980 1098 822 
128 9861 9834 8977 7770 7018 6693 6266 6112 6104 5580 5497 4845 4148 4084 3167 2000 1809 745 83 
129 8711 8119 7955 7611 6843 6718 6476 6141 5628 5260 5186 4843 3758 3349 2539 2288 1307 1118 951 578 321 
130 9668 9637 8959 8858 8410 7153 6485 6032 5911 4457 4391 4382 4257 2327 2135 1892 1888 1476 1205 955 311 
131 9430 9338 8636 6827 6267 4831 4733 4573 4399 4307 3506 3215 2681 1774 1675 1150 299 215 
132 9921 9558 7841 7137 7027 6469 5593 5564 5151 4679 4087 4039 2682 2116 1381 1351 321 234 
133 9545 8994 8365 8021 7563 7513 7344 5788 5308 5259 5068 4858 4341 3856 2540 1363 815 624 
134 9953 9640 8139 7951 7779 7710 7639 6990 6633 6582 6358 6124 5448 4104 2962 2741 2565 1121 929 837 477 
135 9733 9027 8275 8148 6893 6728 6603 6429 6248 5993 4884 4702 4566 4411 4199 3113 3007 2925 2612 2323 1317 
136 9898 9592 9453 9244 9186 8995 8247 7930 7575 6449 4449 4402 4271 3391 2155 1867 1784 1745 1550 1413 1360 
137 9770 9623 9262 8535 7765 7461 6611 5367 5302 5223 4855 3880 2432 2384 2240 1972 916 296 
138 9292 9050 8699 8181 8084 7858 7444 7432 7153 6812 6300 6059 5869 5125 4870 3259 2244 2037 600 199 56 
139 9968 9731 7972 6997 6992 6937 6101 5444 5397 5388 4513 4126 4040 3116 2524 1805 881 715 
140 9735 8889 8125 7895 7192 7117 6996 6077 5454 4078 4013 3176 1907 1289 812 685 
141 8968 8966 7979 7087 6296 5637 5396 5293 4938 4289 4045 2491 2424 2050 1586 997 900 862 
142 8604 8470 8293 8095 7626 7508 6979 6133 5817 5671 5300 4731 4575 4487 2144 1159 1067 321 
143 9930 9800 9636 8670 7652 7393 7296 7179 7059 7024 6458 6347 5743 5708 4534 4401 4379 2788 2389 2353 2288 208 
144 9656 9362 9188 8529 8302 7613 7329 7099 6982 6178 6161 6154 4815 4793 3642 2194 2101 5 
145 9942 9465 8887 8736 6241 5762 4565 4556 3411 2837 2552 2279 1007 662 170 
146 9164 8659 8004 6800 5821 4836 4737 3818 3451 3087 3023 2961 2218 1966 1555 1041 751 
147 9968 7474 7228 6685 6205 6113 4742 4671 4293 2313 546 388 268 136 77 
148 7969 5458 5035 4053 3901 3415 2712 2550 2366 2339 2215 1708 439 96 
149 9710 9511 9408 9090 8566 8263 8037 7781 7672 6389 3936 3151 2211 1179 1125 
150 9821 8644 8431 8025 7716 7582 6981 6778 6777 5721 5342 5234 3016 2909 1412 321 303 150 
151 9309 9152 9102 8530 7791 7762 7405 6919 6650 5704 5558 5437 5244 3975 3705 3012 2288 1623 1084 446 148 66 
152 9675 9139 7997 7860 7566 7413 7256 5135 4093 3579 2152 1477 1429 1400 977 507 140 
153 9305 8713 8491 8298 8205 7946 5836 5456 5112 4985 3840 3661 3195 2890 2808 2499 1849 631 
154 9101 8734 8180 8019 7767 7691 7442 6099 5804 5715 4784 4218 3638 2827 2288 2128 2105 115 
155 9964 9160 8230 8163 7848 7517 7456 7206 6731 5751 5748 5581 3836 3086 3074 2933 2449 2295 928 592 559 411 376 
156 8883 7993 6393 6049 5022 4741 4171 3524 3463 3096 2158 2111 2097 1389 1262 1026 332 238 43 
157 9968 8864 8103 7991 7013 6456 6025 5905 5507 5402 5009 4674 4295 1105 514 202 
158 9392 9336 9034 8639 8287 6964 6789 5647 4908 3021 2713 1395 1383 854 535 120 
159 9624 9461 9279 9163 8622 7459 6834 5810 5560 5038 4778 4514 4071 3717 3210 3129 2992 1368 1272 1213 
160 9732 9666 9013 8881 8747 8429 7753 7153 6635 5848 5352 5248 4975 4837 4744 4320 3172 3141 2475 2341 2240 2186 503 
161 9940 9438 9296 8706 8416 8061 7463 6418 5638 5264 4912 4284 4026 2248 2160 755 69 
162 9954 9412 9404 8773 8662 8488 7949 7903 7652 6506 5898 5438 4151 3937 3507 2732 1344 973 472 
163 9802 9374 8057 6888 6176 5923 4551 4242 3461 2485 1880 1871 1864 1263 969 116 
164 8663 8367 7209 6938 6897 6709 6327 6086 5953 5787 5101 5098 4493 3991 3696 3687 2983 2872 1231 
165 9543 9460 9040 8964 7762 7663 4949 3563 3428 2369 1763 1498 1394 930 758 637 474 427 
166 9753 9708 9369 9175 9051 8716 8329 7617 7490 6404 5134 5034 4463 3146 2120 935 206 152 
167 9275 9182 7574 7562 7353 7213 6945 6364 4070 3609 2555 2412 1992 1956 1944 1546 777 408 212 
168 9939 9886 9167 9129 9007 8564 8464 7989 7500 7499 7244 6543 5597 4816 4314 4244 2962 1873 1711 985 259 
169 9176 9144 8502 8406 8102 7207 6975 6940 6862 5481 5350 5163 3368 2468 1981 1451 1411 
170 9707 9086 8673 8589 8214 7504 7482 6739 5507 5078 4649 3344 2752 2747 1695 1627 1481 1129 
171 9965 8809 7413 5941 4933 4909 4564 4532 4340 4132 3336 2590 2519 2240 2096 1010 203 
172 8744 8098 7852 7564 7088 5584 5520 4478 4154 4051 3673 3012 2799 2262 1788 953 138 
173 9807 9241 9202 8715 8177 7126 6647 6355 6223 6174 4807 4712 4266 4176 3276 2456 1470 935 166 
174 9453 9141 8630 8555 7006 6134 6131 6054 6045 5849 5682 5557 5399 4571 4531 3074 2549 2113 1092 390 
175 9070 8982 7501 7451 7325 6521 6352 6014 4710 4604 3703 3458 3060 2962 2902 2532 2515 2175 1492 321 
176 9862 9836 8975 7197 6549 6287 6270 4808 3990 3884 3309 3156 3145 860 193 
177 9945 9736 9025 8970 7862 7262 6595 6346 4882 3602 3012 2607 1901 1454 1397 571 233 
178 9832 9691 9173 9120 8137 8125 6942 6153 6145 5870 5096 4199 3376 2329 2177 1960 851 526 30 
179 8738 8169 7884 7561 6706 5553 4517 4309 4306 3691 3664 2986 2391 2239 1746 1408 878 
180 9971 9616 8794 8289 7762 6534 6213 6011 5451 5331 5321 5200 4228 3394 3291 2958 1277 117 
181 9303 8462 7777 7740 7601 7203 6722 6570 6460 6122 5969 5929 4589 4549 3832 3537 3354 1994 321 
182 9825 9518 8481 8445 5369 5201 4903 4170 3286 2883 2728 2538 2417 2047 2018 1774 773 652 
183 9984 8672 6614 5383 5153 4891 3523 3318 2887 2271 2269 1874 1674 1668 
184 9938 9265 8507 8198 8123 8055 7902 7496 6331 6173 6123 5183 4851 4474 3568 2030 1181 71 
185 9618 9069 8758 8134 7679 7372 7028 5417 5338 3984 2324 2114 1587 908 660 496 
186 9627 7389 5796 5652 5119 4559 4475 4345 4341 4127 3777 3012 1800 1658 979 542 330 321 
187 9306 8594 8078 7894 6759 5920 3976 3392 2860 2635 2611 2583 2308 1985 1495 1340 300 
188 9968 9565 8934 8831 7856 7680 7247 7079 7023 6038 5754 5569 3721 3522 2234 1238 1127 663 
189 9153 8212 7874 7668 7633 7272 7227 6425 4795 3365 1988 1042 522 326 
190 9654 9075 7438 6900 6516 6192 6010 5572 5215 4330 2882 2293 1536 880 728 135 
191 9841 7864 7755 7281 7093 6825 6625 6576 6224 4901 3565 3481 3214 2962 1919 1851 100 
192 9383 8876 7065 6855 6613 6000 5479 5106 3326 3035 1896 1865 983 904 26 
193 9868 9379 8518 8251 7826 7454 7385 7342 3894 3641 3232 2197 2115 1958 1950 1556 321 
194 8724 8610 7621 7383 6256 6101 5893 3079 2655 2206 1814 1017 512 
195 9610 9530 9044 8238 7386 6453 5596 4950 4528 4107 3662 3047 2962 2055 1973 
196 9932 9896 9833 8987 8259 7721 6237 5617 5477 5450 4906 4236 1866 437 352 32 
197 9845 9285 8117 6659 6465 5973 5928 4802 4654 3894 3732 3554 2141 1799 1715 
198 9842 9761 9738 8912 7819 7610 7407 6831 5179 4989 4786 3756 2231 2034 2017 1391 1197 399 
199 9535 7568 7550 7042 5783 5715 4160 3845 2666 2438 2349 2237 2179 1639 1120 823 583 240 
200 8709 8296 7487 6236 6115 5142 4926 3997 3859 3742 1955 1237 1226 451 427 259 79 
201 9239 9198 8310 7686 7591 7585 6373 3875 3830 3102 1230 1085 1003 774 605 523 309 
202 9111 7981 7921 7702 5983 5578 5313 4743 4211 3977 3948 3775 1336 979 
203 9771 7241 6946 5957 5275 4705 4686 4175 4077 3862 2562 2407 2333 1311 926 
204 9545 9367 9023 8295 8053 7996 7849 7813 7596 6933 6547 4169 3754 2947 948 177 63 
205 9545 8033 7967 7284 5838 5698 4687 3857 3431 2680 2555 2255 1646 1337 850 641 
206 9992 8548 7854 7323 7233 6073 5449 4900 4274 3470 2377 2210 1736 1465 1039 
207 9615 9301 8505 8495 8250 8113 7628 7457 6537 5592 5349 4177 3528 2820 2228 1314 420 235 
208 9495 9432 8585 8519 7551 7408 5880 5461 5322 4871 3348 2707 2146 1590 490 488 
209 8720 7880 7707 7581 7235 6518 5412 5031 4824 3408 3115 2709 2049 1489 701 
210 9425 8686 8501 8256 8249 7746 7605 7395 7296 5375 4757 4507 4028 2375 1739 1668 1293 1149 847 142 
211 9840 9004 8491 7590 7025 6082 4393 3913 3885 2227 1957 1607 1529 1522 1292 1055 165 
212 9327 8705 8515 8390 8175 5880 5149 4721 4415 3925 2973 2199 1178 
213 9494 9405 8615 8220 8171 7782 5986 5978 4890 4198 3877 3866 3398 2657 2445 2414 246 
214 9007 8406 8197 8060 7762 7559 7161 7133 6494 5443 2868 2406 1785 1782 1407 789 640 
215 9466 9007 8051 7831 6672 6348 6258 5219 5187 4256 3422 3074 2833 2661 2167 1665 1353 1191 569 
216 9674 8440 7762 6116 5649 5631 4782 4099 1900 1048 532 270 28 
217 9559 8474 8466 8129 6741 6652 5643 4613 3847 3616 3084 2576 1979 301 79 
218 9491 9060 8994 8792 8265 7808 7472 7397 2998 1717 1683 1461 976 79 
219 9772 9300 8843 8701 5715 4636 4453 4240 3837 3169 2079 1622 1564 1524 1469 
220 9928 9107 8526 8022 7219 7009 5400 4917 4736 3337 2252 780 737 633 396 54 2 
221 9794 7837 7693 6786 6581 6269 6018 5080 4145 3710 2599 1943 1548 698 540 221 
222 9968 9650 9580 9192 9119 8188 7949 7909 5799 5287 4147 3074 3058 2617 2390 2246 1079 380 
223 9809 9097 8795 7503 7406 6905 5634 4935 4025 3543 3433 3260 1253 
224 9783 8961 8491 8448 8278 7650 5654 4562 4326 4209 3397 3322 2903 2481 2365 
225 8653 8514 8387 7485 6203 6101 5951 5903 5433 5113 5002 3034 2240 2204 2036 1405 1052 260 
226 9947 8387 8186 7237 6150 4199 3795 3543 2627 2408 1444 1236 788 779 
227 9145 9137 8951 8904 8460 8391 7709 7324 6309 5099 4991 4375 4364 4314 3877 3753 2932 1177 871 
228 9291 6628 6035 5890 5040 3446 3148 1743 1667 1571 493 148 
229 9990 9646 9398 8834 7773 7575 6908 6716 6110 5412 4056 4010 3125 2981 1876 1201 1107 676 
230 8947 8444 6472 6076 5393 5054 4648 2985 2785 2327 2290 1186 169 
231 8937 8919 8728 7310 6935 6770 6573 6448 5824 5744 5554 2972 2802 2683 1984 805 511 
232 9926 9795 9104 8528 8046 7901 7634 7533 6613 6574 5326 2331 2222 1358 712 2 
233 9931 9723 9527 8768 8668 8293 7443 6232 5340 5169 5107 4286 4027 3437 1838 1428 753 670 427 2 
234 9344 9199 8732 8421 8400 7697 6440 5247 4962 4893 4661 4421 1765 1119 492 
235 9883 8605 8009 7055 6669 5865 4672 3572 3473 3152 3104 2643 2553 2240 602 297 
236 9611 9372 9132 8910 7949 6980 6956 6327 5152 4907 4869 4403 3069 2649 1234 732 689 
237 9869 8646 7382 5876 5522 5347 5115 4835 4140 4134 3213 2340 1393 1140 647 25 
238 9872 9867 8676 8376 7632 7422 6602 6457 5862 5483 3166 2209 1787 55 
239 9873 9270 8661 8469 8142 7699 7033 6385 5873 5715 5042 4666 4031 3621 2534 1271 78 
240 9448 9171 9043 8218 6805 6799 6461 5843 5462 5301 4960 4362 3393 1256 1160 893 739 431 
241 9632 9318 7974 7275 6742 6648 6466 6375 3860 2936 1903 1670 745 
242 9698 9463 9381 8471 8122 7956 7363 6735 6160 5023 4191 4086 3883 2439 2340 1424 1343 527 504 323 
243 9781 9245 8624 7469 5815 4662 4272 4035 3689 3529 2240 2169 1961 1952 1625 
244 9701 8890 7251 6790 6021 5906 5395 3623 3105 2718 1669 1328 935 863 497 389 
245 9935 9884 9567 8447 7968 6565 6161 5266 4396 3064 2951 2699 2421 1640 1570 597 427 
246 6939 6219 6185 5856 4763 3296 3017 3004 2920 2804 1908 
247 9839 9340 6290 5908 5491 5415 3792 3202 2644 2226 1565 295 214 
248 8948 7338 7312 6934 6041 5845 4625 4199 2999 2708 1596 1167 412 227 23 
249 8457 8204 8191 6667 6019 4942 3682 3074 2529 2260 2187 1738 748 450 232 
250 9906 8823 8487 8477 7745 7577 6511 6065 5428 3331 2608 2404 2137 2121 1832 935 914 802 223 
251 9661 9207 8841 8591 7734 7687 6170 6157 4990 3242 2807 2458 650 567 
252 7554 6681 6289 6249 5726 4993 4404 4166 3739 2121 617 113 51 2 
253 9519 8666 8463 8200 5715 5389 4914 4579 3810 3193 1840 830 730 726 
254 7715 6923 6005 5948 5622 4965 4456 4219 3820 3612 3560 2531 1434 687 331 
255 9835 9190 8674 7455 5478 5203 4203 2907 2701 2669 1087 838 
256 9595 9549 7285 7232 6002 5692 4728 3943 3620 2102 936 
257 8830 8341 7083 6029 5734 5370 5303 4237 3536 3327 2614 2203 1756 
258 8125 7800 6341 6212 5309 5075 3985 3518 3189 2453 1276 1125 757 
259 8914 7391 7153 6871 6778 6433 5199 3457 3122 2986 2214 1979 1879 1772 725 360 
260 9411 9028 7846 6801 5517 5307 4592 3690 2839 724 269 195 
261 8093 7788 7567 7216 5345 4957 4780 3858 3525 3520 3338 2577 1080 979 558 555 53 
262 9125 8660 7883 7792 6873 6291 6221 5445 4792 2007 1656 1650 979 438 
263 9682 9426 8752 8750 8468 8408 6229 5833 3877 3846 2900 2057 1339 1168 104 
264 9946 9679 9628 9517 8068 7730 7703 6717 5827 3982 3334 2288 2270 291 
265 8764 8297 8043 7636 6780 6707 6462 4577 3383 2790 2415 1482 735 183 
266 9566 9393 9299 7162 6884 6211 5685 5282 4206 3959 3872 3677 1289 
267 9991 9077 7654 6797 6630 6262 5985 5869 5170 4176 3714 3032 2621 2157 1348 661 421 
268 9678 9474 8327 7547 6961 5431 4986 3547 3092 1632 1455 406 128 
269 9903 9811 9555 9223 8351 7258 6074 6044 5437 3900 3852 3111 2739 2645 2240 1948 1261 1182 1061 88 
270 8994 8850 8608 8012 7593 7530 7381 7082 4489 3002 9 
271 9146 9035 8491 6101 4812 4735 4356 4232 3907 3888 2687 1742 1540 
272 9842 9664 9450 8406 7507 6852 6337 5307 5097 4521 2918 2915 1923 888 
273 9818 8125 7413 7238 7043 6497 6400 5176 3936 3904 3873 1496 1419 868 483 300 
274 7892 6901 6608 6586 6188 5715 5041 4883 3633 2937 2398 1432 1361 1260 
275 8997 8235 8167 7624 5977 5664 5439 2399 2289 2027 1833 1342 1323 
276 9386 8761 8756 8085 7226 7114 6584 4112 2698 2495 927 630 577 311 
277 9677 8490 6119 5689 4325 3292 2805 2059 1512 1398 1198 316 
278 9730 9585 9039 8496 8267 8185 8147 7249 5017 4352 2803 2589 2350 
279 8402 8264 8228 8116 6675 6500 6498 6020 5715 5612 4413 4214 3650 2182 2118 1652 1504 
280 9232 8994 8104 7924 7313 7217 7057 5207 5127 4136 2124 971 328 
281 9968 9758 9577 8368 7875 7506 7436 5074 3490 3155 3071 2093 598 
282 9464 9168 8702 8655 8153 8144 7880 7309 7096 3790 3501 2679 2043 887 766 569 
283 9484 9195 8134 7676 6210 3573 3074 3012 2987 2418 1690 41 
284 9573 9355 7157 6545 5936 4920 4199 3593 3586 3362 3132 2467 1625 312 
285 9013 8954 8083 7787 7627 7164 7072 6661 6641 6572 4931 4444 3652 2986 2103 321 
286 9859 8431 8284 7736 7689 7248 6936 6672 5195 3982 3741 3643 2822 1638 149 
287 8272 6938 6094 5639 4432 3719 2908 2051 1810 1309 1134 943 368 319 
288 9019 8882 8711 8346 8157 5934 3722 3680 3282 3032 2240 2207 2031 1720 1422 321 2 
289 9775 8434 7029 7020 6837 6568 4664 3807 3325 1645 1503 1117 992 
290 9743 7516 6599 6030 4368 3385 2960 2238 1935 1539 1453 817 462 
291 9866 9358 8635 8141 7992 7762 4703 4448 4096 3625 3329 1534 
292 8804 7415 6793 6583 6556 4746 2815 2693 1557 1148 205 196 
293 9688 9007 8569 7615 6839 6609 5233 5154 4716 3194 1817 1668 1410 129 
294 9591 8931 7743 7714 7652 7318 7151 6826 6151 4220 3941 3445 2986 1582 
295 7983 7836 7824 7552 7123 7012 6363 6200 3877 3532 3106 1843 931 608 2 
296 9857 9819 9199 8897 8821 8312 8130 6819 5157 5050 1893 476 154 
297 9584 9388 8751 7174 6325 6216 6187 5814 5715 3799 2643 2033 1466 1045 
298 9969 8690 8618 6890 6285 5797 5011 4956 3678 2195 1093 1014 683 321 163 
299 9739 9462 9424 8946 8906 7296 7118 6688 6515 6410 4976 2437 
300 9643 8759 7883 7713 7153 6558 6379 6058 5683 4296 4108 2061 1668 1162 321 
301 8534 8495 8110 7960 7887 7839 7666 6892 6137 5600 3606 3211 1145 665 
302 7021 6482 4955 4820 4761 4319 3083 996 778 688 
303 9534 8511 8190 6085 6052 5896 5276 4060 3236 2850 1242 449 
304 9970 9578 8443 5538 5366 5217 4915 4587 4527 4161 2722 2555 2155 486 
305 9977 8352 7651 5535 5120 3469 3323 2796 2285 1541 1144 321 
306 9968 9622 8143 7656 7558 5748 5004 4999 4982 4865 4814 4717 
307 9526 9191 9178 8988 8952 8476 7653 6264 5507 5055 4346 2893 2429 2085 1442 655 
308 9342 7949 7288 6642 4510 3550 2962 2934 2810 2373 1561 1305 809 696 
309 9778 8840 7890 7292 5858 5283 5160 2755 2571 2264 1672 2 
310 9557 9533 9260 8941 8357 7438 7340 4557 3843 3028 2628 2249 1815 1164 843 
311 9093 8644 6310 5775 4409 4336 3994 3659 3373 2878 2488 229 
312 8780 7741 7358 5421 3992 3827 3277 3208 2924 2192 1663 1510 415 321 
313 8898 8483 7392 5962 5706 3075 2321 2074 1821 1244 1020 440 423 
314 6613 5877 5680 5432 4892 4074 3526 3376 2809 2536 2434 2225 952 443 
315 9496 8953 8680 8065 7682 7172 6088 5509 5253 5219 3823 3767 2935 2618 139 45 
316 9660 8916 8678 8325 8196 6615 6117 3660 3250 2327 351 
317 9533 9217 8811 6959 6480 5607 5028 3418 3127 2725 2638 1750 1654 1353 79 
318 9366 8433 8118 7810 7433 6510 6231 5803 3360 3207 1724 
319 7976 7188 7159 6677 6141 5141 4875 4412 3655 3298 2315 1103 935 19 
320 8324 7609 6233 5972 4760 4745 4155 3983 3012 2881 2685 1598 305 
321 9548 9353 8894 7949 7557 7362 6125 5661 4668 4121 3675 3005 2233 1473 1439 293 
322 9720 9156 8459 8364 8301 6164 5947 5104 3038 2099 1347 638 
323 9301 8587 7278 6725 6063 5790 2835 2272 2092 1146 1138 76 
324 9586 7062 6902 5764 5248 5003 4590 4044 3805 3758 2314 1224 677 
325 9012 8314 8045 7354 6454 6387 5715 5435 5209 4849 3936 2283 1111 710 
326 9521 9459 8827 8041 6261 5559 5020 3012 2368 2310 191 52 
327 9823 9500 9273 9114 8999 8539 6983 6753 6334 5168 4539 2440 1376 705 356 131 
328 9401 7449 6136 4853 4304 3822 2979 2420 1617 884 
329 9380 8867 8836 8293 5887 4512 3939 3041 2962 2761 2254 1390 891 634 
330 9930 9270 9259 6926 5842 5155 5064 4459 3500 3061 2978 1808 1780 910 226 106 75 38 
331 8871 6036 4767 4089 3758 3527 3482 2472 2288 1934 1655 1195 1188 79 2 
332 9976 9387 9284 8491 8086 7074 5705 5684 3521 1601 947 435 
333 9959 8742 6003 5512 4482 3077 3042 2930 1371 970 750 
334 9603 8976 7865 7833 7828 5852 5677 3825 3574 3137 1813 1505 1383 1105 
335 8746 8432 8189 8146 7498 7438 6696 3584 3192 2957 2757 2594 1421 480 
336 8389 8374 7861 6712 4791 4706 4152 3635 3161 2240 1982 24 2 
337 9418 9067 8832 7857 7134 6821 5636 5556 5250 5064 3771 1730 727 
338 9968 8628 6554 5781 5413 4959 4563 3271 2566 2041 1225 1073 988 94 
339 9247 7817 6917 6730 5864 5013 4434 3894 3138 2235 
340 9968 9850 8996 8845 8241 8107 7274 6947 6415 5939 2962 2769 
341 9266 9123 8277 7575 7104 6577 4542 4490 4020 3995 2643 2537 1710 
342 8345 8013 7652 4940 4690 4377 4312 3972 3686 3280 2770 2766 1250 718 
343 8543 8494 6886 5926 4144 3803 3427 3012 2596 816 60 29 
344 8781 8069 7301 7194 6916 6263 5715 3190 2301 1588 621 265 
345 9046 8349 8003 6620 6170 5715 5374 4708 3031 1215 781 17 
346 9747 9212 9010 7438 6733 6050 5608 5506 5033 4801 4488 3341 3163 3009 2002 352 
347 9319 9225 8372 8343 6977 3746 3735 3388 1459 1190 935 456 79 
348 9705 9224 8527 8155 6177 4664 4502 4340 3728 2858 2834 2560 2359 547 
349 8158 8008 7844 7751 7022 6715 6531 4921 3578 3491 3074 2864 1435 434 
350 9422 9018 8000 7886 7870 6635 6316 6306 5582 4809 4334 79 
351 6767 6426 6329 5962 4749 3794 2663 1662 1616 1053 393 321 84 
352 9827 9177 8159 7341 7032 5989 5346 4326 2969 2522 1914 896 
353 7614 6271 6070 5902 4308 3764 3027 2602 2220 1440 849 321 
354 9881 9837 9826 9706 9478 9161 8315 7907 7014 5660 5386 4024 1858 958 279 
355 8957 8757 7294 5255 4901 4082 2962 2317 1693 1223 797 259 
356 9844 7795 7718 5635 4854 4259 3744 3410 3274 2288 1401 1116 
357 7732 7638 7429 6204 5492 5359 3945 3763 3234 1760 1508 1379 1349 1005 
358 8813 6239 4750 4469 3600 2643 1063 404 364 241 67 
359 9900 7962 5601 4646 4197 2886 2024 1436 1102 321 
360 6646 6382 5563 5561 4860 2080 1752 1113 1000 36 
361 9286 8994 8740 7423 7017 6710 6386 6238 5915 5089 4896 4684 3704 
362 9669 9183 8663 6989 6879 6766 6538 5530 5401 4441 3986 3082 2508 2129 398 79 
363 8449 7652 7365 7091 6312 5891 5381 2889 1240 1194 780 644 
364 9265 4588 4533 4225 3293 2332 2166 1723 1691 770 
365 9356 8828 7671 7478 7414 6402 2823 2026 1778 1028 321 
366 9653 9608 9604 9568 9314 9075 8860 8796 7183 6357 4278 702 207 
367 9227 8788 8406 8366 8089 7720 6764 4153 3489 2078 1515 1294 
368 7629 7306 7031 6772 5949 5095 4553 3404 2852 2626 2125 1037 984 
369 9990 9982 9492 8446 7801 7307 6850 2962 2605 2447 1199 856 
370 9808 9468 8634 7428 7361 6209 6162 4414 4135 3140 1801 1754 
371 8597 8528 8489 8484 8455 7599 7285 6807 6765 5945 4496 2962 2840 2595 1898 1698 1065 721 247 
372 8173 6147 5880 5532 5220 5212 3850 2777 768 736 79 
373 9371 6001 5508 4852 4315 3981 3023 2904 2297 1828 1357 604 
374 9298 8355 8138 6613 5573 5327 5070 3737 3183 1193 
375 9950 9544 8035 8010 7458 4781 3097 2922 1605 978 
376 8521 7678 7531 7182 7120 6463 5882 4723 3894 2501 2451 593 
377 9877 7357 7124 6966 6775 6100 5296 5270 4632 4352 3281 3103 2134 485 80 
378 7797 7762 5763 5398 4953 4116 4042 3101 2869 2838 1345 
379 8924 8808 8498 8438 8040 7652 5429 5237 3488 3366 2205 1637 427 21 
380 9847 7880 5943 5715 5299 2469 1609 1270 1180 762 382 
381 9304 8560 6557 5715 5485 5360 4688 3877 1989 1216 552 347 65 
382 9403 9363 8649 8164 7061 6276 5196 4480 4276 2962 1595 
383 7608 7277 7120 4776 4129 2952 2716 2148 2067 466 216 
384 9889 8866 7835 6286 5528 4740 4643 3996 2717 2615 2422 1679 935 
385 9702 9110 8991 7762 7005 5909 5226 4796 4689 4665 1207 658 647 
386 8266 7762 7410 7366 7299 6091 4181 3833 1890 1614 1025 839 7 
387 9532 9331 8212 7699 7270 5595 5490 3521 3014 2959 2816 1364 200 
388 9759 8227 7359 6818 4438 3622 1853 1538 879 49 
389 8050 7488 7332 6836 6474 5762 5748 4189 3918 3887 3226 1668 491 340 
390 9937 8830 8513 7495 6606 6538 5900 5493 3711 3453 2579 2 
391 9179 9038 8879 7786 7776 6967 5990 4386 4229 2121 1761 442 
392 9852 9529 9196 7377 6938 6540 6504 5869 3452 3288 2258 
393 9834 8643 8064 7327 4904 2819 2648 2471 1279 979 2 
394 9562 8689 7925 7121 6534 5077 4187 3716 1012 467 
395 9237 8559 8183 6700 4332 2530 1911 1468 1446 759 321 
396 9694 8994 8088 7163 5921 5874 3914 3671 3548 3059 3013 510 
397 6227 5657 5056 4639 4032 2875 2503 2402 2288 2240 2142 1681 
398 8253 8011 7736 6944 6146 4419 2004 1657 1232 919 580 447 
399 9713 9601 9423 8018 6397 3607 3592 2859 1734 1109 348 321 
400 9402 9062 5668 5236 5049 3423 3382 2874 1602 
401 9533 5412 5272 4923 4901 4538 3759 3264 2188 1104 935 924 581 
402 9076 8215 7988 7748 7166 6396 5533 4302 4011 2065 
403 9793 7816 7142 6644 6181 5961 5779 5761 4182 3434 2394 
404 8731 8625 8413 6349 2245 2240 1945 272 42 
405 9399 8532 8411 7583 5888 3920 3694 3436 2494 1058 1035 921 
406 9641 9280 5778 5175 4435 4178 3968 3512 3395 1642 1275 321 
407 9537 9310 8839 6951 5265 3828 2460 2387 520 469 
408 9457 8854 8152 8005 7413 6332 4547 3949 3045 2996 2048 1634 
409 9625 8687 5470 5181 5059 3130 2705 1747 1299 1202 525 338 
410 8202 7699 7510 7370 6655 6196 5311 4062 2892 2087 1514 1308 551 2 
411 9797 9413 8132 7266 6694 6259 4001 2379 1999 
412 9151 8950 8900 7695 7187 6732 6376 6360 6344 6280 5709 5544 5332 4779 518 
413 9968 9541 9199 8387 7220 6894 6610 5436 3963 3740 3419 3235 2575 308 
414 9282 9249 7964 7246 6295 5710 4363 4241 3966 3545 3304 2554 2361 935 236 2 
415 7863 5739 5673 5524 4594 2927 1927 1480 826 114 
416 9547 9007 9001 6748 5263 5093 4734 3684 3108 2337 1249 847 811 
417 9806 9683 9407 8994 8246 8145 5968 5872 5663 4501 1458 1346 941 692 
418 7727 7642 7311 7138 7133 7122 6299 5138 4770 3854 
419 5371 5326 4472 4008 3531 3249 2723 1499 1415 1002 
420 8748 7997 7565 7480 6958 6431 4605 3285 3048 2006 2005 1647 563 357 
421 9057 8962 8920 8819 6514 5769 4647 3894 3632 2817 1767 717 
422 8921 8557 8348 7699 5964 5537 4097 3894 3350 2557 2470 2173 
423 9902 9594 8895 7883 6394 6294 5841 5605 5219 5008 1288 707 
424 9944 9270 7699 7543 6912 6803 6781 6708 3613 1527 
425 8787 7355 7295 6938 5224 4297 4151 3513 3011 1516 1324 1298 1248 831 
426 9395 7752 6882 6333 6135 6064 5918 5163 4340 3466 3370 2213 395 
427 9512 9129 8487 8207 8199 8079 7806 6624 6242 1136 591 213 
428 9184 9008 8335 8332 7534 7481 7150 5981 5723 3796 2984 2962 1626 
429 8208 8126 7804 7268 6522 6275 5167 4772 2986 2962 1091 1090 538 
430 8491 8359 8342 7640 5129 4650 4215 4199 4128 4012 2812 1559 
431 9502 8846 8717 7995 7934 5924 5830 3713 3050 1956 1668 
432 8778 8722 8620 8613 7418 7186 6537 4597 2623 1500 1431 720 
433 9112 9108 7215 5999 5547 4855 4762 4292 2962 1299 1196 458 
434 9520 9514 8316 7352 6746 6580 3902 3885 3745 3319 2229 
435 9784 9685 8510 7438 7380 6561 5484 4615 3144 1716 
436 8992 8805 7867 7758 3950 3838 2193 2098 1222 932 897 
437 9763 9589 8990 8812 6744 5130 3502 3342 2208 2063 256 251 
438 9443 9406 8547 7798 6853 6547 5242 2511 1753 1437 810 566 447 
439 9915 9049 6258 5954 5094 4536 4076 4073 3863 2490 2184 939 
440 7759 7623 6686 6339 6180 5748 4290 3783 1998 967 381 
441 9470 8621 8066 8007 7290 7076 4810 4360 3830 2749 2162 575 352 
442 9421 9148 8611 8561 8467 7985 7368 6654 6547 2555 657 321 
443 9768 9766 9375 8162 8043 7943 6938 6750 6505 5239 5147 2277 
444 8645 8116 7587 5956 5604 5190 5048 3792 3543 3012 1467 833 607 198 
445 9788 7336 6749 4385 3993 2800 2773 1916 1577 1429 827 694 321 64 
446 9962 8595 8370 6481 4523 4200 2768 2236 1770 954 73 
447 8707 7130 6711 4913 4535 4344 4269 3435 2282 2028 1443 245 
448 9914 7519 7349 6804 6607 5007 4552 3273 1882 1047 
449 8631 8194 7201 6796 5727 5715 3693 3467 2974 259 
450 8125 8111 7048 5854 5298 4652 3182 2541 2443 1766 
451 9193 9007 8106 7915 7269 6811 4094 3564 3516 1543 723 
452 9113 8786 8512 7944 7619 6564 3361 2403 2126 1406 1399 1149 105 
453 8994 6833 6756 6395 5446 4841 4388 4041 3065 2145 27 
454 9693 8958 7825 7517 6130 4638 4376 2825 1802 201 
455 8023 7917 6776 6658 5066 4838 2338 2136 1925 1702 
456 9699 8654 8603 7240 7153 6315 5748 4818 4678 4050 2510 1668 
457 9812 9524 9000 8211 7243 6692 5261 5208 3894 3339 3253 2242 1134 448 
458 9749 8692 8647 8305 8125 7056 6488 5749 5527 5229 4842 4381 2863 
459 9916 9659 9219 7811 7119 6489 5641 5511 5426 4195 1993 1954 
460 9308 8851 7630 6600 5822 5353 4500 4328 1566 1220 1022 
461 9765 8520 8216 7544 7438 7360 5702 2963 2156 1823 153 
462 9972 9968 9626 9127 8703 8062 7479 7101 7055 6878 5387 2941 2109 
463 9216 9139 7966 7097 6378 5507 5364 2247 2243 2189 982 906 321 
464 9364 7949 7440 4919 4167 3786 3374 3216 2696 2119 972 799 
465 9276 8651 8492 6407 5610 5419 4874 2719 2715 2500 
466 8927 7546 6483 6078 4978 3499 2448 2427 2240 1774 1038 
467 9350 8718 7850 7427 6318 5930 5594 4109 2459 2240 1839 
468 9948 9564 9231 8965 8785 7330 6007 5254 2555 2191 2140 1791 745 254 
469 9985 8026 7998 7204 6258 6026 5081 3343 3310 2533 2273 740 146 
470 9718 8258 7945 6597 4971 3709 3584 3245 2251 1287 1083 769 
471 9140 7700 7684 7576 6987 6771 6235 4443 3163 3133 2574 1105 
472 9476 8775 8767 8382 7688 3824 2659 2267 2240 1597 741 452 
473 9533 7230 6601 6134 6047 4753 3782 3534 2986 2734 1257 858 436 
474 9968 7491 6726 6471 5376 4246 3352 2296 1128 875 866 401 
475 9975 7538 6590 5173 4969 4450 4014 3936 2914 2778 
476 7840 7732 5715 5144 4968 3649 3583 3051 2629 1995 864 
477 9843 9238 8160 7234 4754 3077 1517 961 800 745 359 162 1 
478 9103 7471 7460 3706 3599 2563 1584 1200 632 447 
479 9583 9533 9270 9016 8378 5859 5656 4979 4554 3261 1968 1872 1362 
480 9714 8436 6785 6405 6301 6240 5390 4531 3218 1830 818 589 
481 9960 7283 5807 5010 4692 4036 2356 1648 1572 1490 968 935 46 
482 8005 7722 7335 7148 6613 6509 5625 5083 4800 4526 4323 4124 3577 1580 
483 7347 7088 5372 5057 4106 3438 3080 3018 2582 2572 1530 
484 9345 9213 8814 8209 8082 8002 7445 5472 2521 2240 2155 1070 772 
485 9244 7553 7265 6452 4683 2977 2610 1600 1479 541 179 
486 8817 8711 8362 8091 7954 7535 5857 5006 3582 1774 1280 317 262 
487 9907 9444 7483 7106 6585 5965 4484 3091 461 315 110 
488 7699 6847 5988 5546 5053 4828 4789 4581 3401 2791 1427 1153 586 186 79 
489 9378 9289 8942 8697 8401 5991 5766 3905 3733 1187 79 
490 9903 8918 7774 5992 5319 4454 2962 1700 1591 1456 627 37 
491 8020 7940 5780 5121 4897 4765 3279 1450 806 738 
492 9951 9011 7600 5650 5030 4934 4582 3142 3111 2898 2877 1170 
493 9533 9354 8101 7176 7132 6929 6665 5962 3955 1403 937 629 444 321 
494 8540 8417 6129 6101 5598 4311 3668 2955 2335 2240 1991 1727 155 
495 9079 5667 5606 4830 3960 3240 3049 2284 1520 
496 9078 8667 8149 7419 6258 4619 4357 1291 1152 682 103 
497 8590 8344 8288 5629 4846 4318 3982 3471 3371 3020 2518 1011 
498 8915 8801 8725 7931 7713 6014 5674 5665 2593 2457 2288 
499 9764 8617 7152 6374 5885 5193 4902 3891 2842 2724 2196 935 918 
