100
0 909 896 869 815 797 756 720 717 709 708 679 663 655 632 625 624 615 612 611 554 552 484 451 442 432 426 424 422 410 383 339 331 330 316 309 299 290 288 285 253 252 236 231 229 224 198 197 184 176 166 164 158 155 152 148 146 145 139 138 132 131 126 123 121 120 119 115 110 107 102 97 96 92 88 82 74 72 69 65 63 62 61 57 56 45 38 35 30 28 27 22 19 17 15 14 13 11 9 8 7 5 
1 1089 995 968 949 940 899 879 869 815 800 797 751 731 684 665 653 637 583 549 510 485 484 404 396 377 371 356 346 342 332 329 325 309 301 299 285 253 252 243 240 238 236 210 199 187 184 176 162 161 159 158 139 138 126 121 120 117 110 102 96 84 83 74 72 70 69 65 63 62 61 57 55 51 44 42 41 38 37 30 28 27 24 23 21 20 19 15 14 13 11 9 8 7 2 
2 2296 2282 2264 2244 2208 2134 1799 1756 1737 1697 1604 1591 1572 1554 1524 1506 1502 1495 1476 1437 1434 1352 1184 1171 1089 995 948 940 869 867 797 751 737 731 632 625 624 621 583 566 554 545 485 484 480 426 410 404 390 389 372 356 355 339 329 325 316 309 303 268 253 252 236 229 224 211 199 197 193 184 178 176 164 158 155 152 148 145 139 138 135 132 131 126 121 120 114 107 103 102 96 83 82 78 74 72 70 69 65 63 62 58 57 56 55 54 45 44 38 37 35 30 28 27 23 22 21 20 19 17 16 15 14 11 9 8 7 5 
3 907 881 815 735 725 715 679 659 585 583 554 549 494 484 442 432 426 408 356 355 346 316 299 290 268 255 253 252 236 235 229 210 206 199 197 176 170 166 161 155 147 145 139 138 126 125 121 120 112 97 96 92 83 82 78 74 73 72 70 69 65 63 62 60 57 56 54 45 44 41 40 37 30 28 22 21 20 19 17 16 14 13 9 8 7 5 
4 671 637 614 587 552 519 511 503 482 454 432 404 387 375 342 319 299 285 243 235 229 228 224 211 210 193 183 158 155 152 147 145 139 138 135 132 131 126 120 119 118 114 110 102 97 86 84 82 79 78 72 70 69 65 63 62 60 58 57 55 54 45 38 37 30 28 27 23 19 18 16 15 14 13 9 8 5 
5 1434 1334 1321 1310 1225 1195 1184 1183 1173 1153 1152 977 899 869 859 815 797 747 708 686 655 650 637 611 609 599 552 549 542 524 513 487 482 468 426 404 330 316 303 290 285 255 249 240 236 229 199 197 195 193 187 184 175 166 164 157 155 148 145 139 138 135 131 126 125 121 120 119 117 107 103 102 97 96 95 88 84 82 78 74 72 69 65 63 62 61 60 45 44 41 37 35 32 30 28 27 21 20 19 18 15 14 11 9 8 7 2 
6 1958 1862 1826 1714 1643 1613 1610 1597 1549 1502 1482 1476 1434 1395 1387 1334 1310 1194 1184 1132 1122 1106 1070 1065 1052 935 907 869 867 859 850 843 805 789 751 737 686 684 663 655 632 625 595 554 482 468 443 442 389 388 356 348 332 331 301 280 243 199 197 193 184 176 172 166 164 161 158 155 148 146 138 137 135 132 126 121 120 119 117 114 112 86 82 78 74 69 65 63 62 61 58 57 52 42 41 37 34 29 28 27 25 23 19 17 9 8 7 6 2 
7 1656 1610 1597 1583 1506 1452 1447 1413 1388 1384 1332 1315 1310 1296 1290 1173 1152 1027 999 992 977 968 948 914 880 797 725 681 659 650 625 621 611 583 554 549 524 485 482 468 443 442 393 382 372 371 356 355 342 332 331 329 316 309 303 290 288 280 253 252 236 229 224 211 199 198 197 193 187 184 176 166 155 152 148 145 139 138 135 131 126 121 120 117 114 107 102 92 90 82 78 74 73 72 69 65 63 62 60 58 57 56 55 54 38 37 36 35 28 27 23 21 20 19 15 14 13 11 9 8 7 6 2 
8 901 776 735 709 703 637 631 596 594 574 546 524 500 408 398 385 348 343 331 300 290 280 275 268 265 261 228 221 216 212 206 178 164 161 152 151 147 142 135 123 112 110 92 88 79 54 53 50 40 22 16 12 4 
9 1510 1412 1388 1312 1283 1122 1106 1052 968 907 900 899 873 784 762 737 727 720 715 709 665 650 636 609 574 554 552 549 524 516 510 468 432 410 409 403 395 382 355 342 330 329 309 290 285 268 253 252 249 236 231 229 199 197 196 193 187 184 176 166 164 158 155 148 145 139 138 135 131 126 123 121 120 114 110 103 88 84 83 82 78 74 72 70 69 65 63 62 58 57 56 55 44 38 37 31 28 27 22 21 20 19 16 15 14 11 9 8 7 5 
10 1524 1506 1483 1447 1395 1387 1327 1324 1287 1275 1183 1155 1132 1131 1077 1016 957 948 940 915 914 909 859 850 841 824 739 708 681 679 662 638 624 621 599 595 585 513 501 485 482 476 468 455 442 410 389 382 372 371 356 355 332 329 309 303 300 299 290 267 256 253 243 240 236 229 224 199 197 193 187 176 158 148 145 140 139 138 135 131 126 123 120 119 114 110 90 86 78 72 69 65 63 62 61 55 44 41 38 37 30 28 27 23 22 20 19 18 15 14 9 8 7 5 2 
11 1721 1671 1571 1510 1495 1434 1429 1428 1412 1408 1384 1334 1296 1183 1122 1077 977 873 859 762 737 725 708 671 659 653 650 621 585 554 542 494 485 482 443 442 426 404 382 371 356 355 331 327 303 301 290 253 252 243 236 231 229 224 216 206 199 184 164 148 142 139 138 136 126 121 120 118 117 114 112 102 97 84 82 80 79 78 74 73 72 70 69 65 63 61 60 48 41 37 30 28 27 24 21 19 15 14 11 9 8 7 6 4 
12 1591 1502 1428 1401 1395 1369 1310 1298 1263 1171 1077 979 879 878 841 825 803 750 747 731 728 715 708 707 686 662 647 646 632 613 612 595 583 554 517 439 421 410 393 389 377 355 339 316 290 280 273 267 253 252 245 231 229 221 196 184 183 176 175 168 161 158 157 155 139 138 135 126 123 121 120 114 110 102 88 84 80 79 69 65 61 40 37 27 24 22 19 18 14 9 8 7 5 
13 636 597 595 572 567 494 457 429 426 422 389 375 358 343 342 325 252 249 245 244 240 236 233 218 207 199 183 176 172 164 158 131 122 120 119 118 107 101 95 83 72 70 69 50 45 44 37 32 28 27 25 19 17 9 8 4 
14 1131 1106 1104 1097 1077 1000 990 948 909 899 850 825 807 762 751 720 708 621 503 482 442 432 410 404 398 355 349 329 325 290 289 285 270 256 253 252 249 245 231 224 196 185 175 167 166 164 161 154 152 148 140 138 131 126 123 121 119 118 114 112 110 88 82 78 70 69 65 58 57 51 45 44 35 30 27 22 9 8 5 
15 2076 2003 1958 1850 1766 1734 1721 1679 1627 1597 1591 1583 1571 1506 1495 1468 1401 1384 1290 1270 1263 1027 979 968 962 957 928 914 907 879 869 728 715 709 708 660 659 655 609 595 561 554 545 510 501 484 480 468 442 404 375 356 355 331 330 329 316 309 301 290 273 268 252 249 243 231 229 224 211 199 197 193 184 178 166 164 161 158 155 147 145 139 138 135 131 126 121 120 117 114 103 92 90 84 78 74 72 69 65 63 62 58 57 42 38 37 28 27 23 22 21 19 17 16 14 13 11 9 8 7 5 
16 634 621 534 526 506 496 461 450 417 385 291 279 268 258 256 250 223 207 195 191 170 151 115 87 76 66 47 41 25 10 3 0 
17 869 797 763 731 694 678 665 602 587 561 547 536 461 454 361 318 307 273 264 257 247 199 178 172 171 168 152 138 122 107 92 86 85 81 76 66 40 36 29 12 
18 910 879 836 742 720 708 701 678 628 615 609 608 598 585 526 524 469 450 417 390 365 356 346 335 233 204 189 176 162 159 138 122 121 120 119 118 103 98 97 82 74 62 60 57 56 55 35 30 23 21 17 11 8 6 2 
19 1284 1244 1184 1151 1128 1119 1114 1011 981 973 961 940 900 871 800 778 764 746 708 681 679 614 612 599 598 536 482 480 409 404 382 358 346 333 303 300 299 298 285 277 267 252 250 245 236 231 211 193 184 168 161 149 139 138 126 120 104 102 98 88 80 78 69 63 62 61 57 32 30 28 19 16 15 14 11 9 8 3 
20 1122 1117 1052 1027 1005 1001 919 907 859 849 805 797 784 751 709 679 662 638 624 583 561 549 542 495 487 442 436 410 382 372 356 332 325 309 301 299 280 252 249 236 210 206 199 193 187 184 176 166 158 155 152 148 147 140 138 131 126 125 120 118 117 114 107 102 97 90 88 69 63 62 61 60 58 57 56 45 44 41 37 35 30 28 27 26 24 22 21 20 19 16 15 13 8 7 
21 1667 1610 1593 1575 1554 1513 1510 1482 1420 1384 1350 1344 1312 1260 1131 1128 915 914 909 878 850 845 841 797 751 747 737 632 621 598 594 583 515 494 461 454 451 404 403 389 356 348 330 325 310 300 280 267 252 249 236 227 211 204 199 198 184 176 164 148 147 138 120 119 110 96 88 87 79 74 71 69 65 63 61 49 47 37 30 29 28 27 26 21 19 14 9 8 7 
22 2045 2000 1954 1930 1888 1876 1805 1770 1737 1734 1522 1521 1423 1310 1307 1290 1173 1132 1070 977 881 880 859 843 805 782 751 731 653 583 554 513 480 476 468 442 429 424 410 404 389 372 355 331 330 309 303 301 299 285 277 273 268 253 240 236 224 216 211 207 198 193 184 168 164 161 157 155 148 138 135 133 123 115 114 107 102 97 96 84 74 69 63 58 51 47 45 37 27 18 16 8 7 3 0 
23 1506 1450 1429 1412 1387 1385 1384 1351 1320 1270 1134 1122 1119 1113 1078 1000 979 881 880 750 726 702 671 650 647 604 554 517 487 482 468 462 442 424 332 330 329 316 309 279 274 253 243 236 228 206 193 176 152 139 138 135 131 121 120 112 107 84 69 63 62 58 57 53 44 37 35 34 31 28 27 23 22 20 18 15 10 2 1 
24 1629 1600 1584 1572 1566 1522 1468 1174 1173 1151 1090 1065 948 933 902 900 857 769 708 680 663 644 641 612 583 549 534 440 414 390 375 370 305 271 252 228 210 161 155 138 123 120 115 104 103 91 86 73 55 52 51 42 23 22 17 13 5 4 
25 587 583 577 542 538 485 468 443 409 393 390 330 316 309 301 280 268 199 193 178 166 157 148 147 140 139 138 131 129 120 112 109 103 102 86 84 82 80 73 72 69 65 62 56 38 37 36 35 31 27 24 23 20 19 16 15 14 13 12 11 8 7 6 5 2 
26 1704 1679 1667 1638 1584 1554 1521 1420 1412 1387 1352 1290 1168 1128 1019 962 948 890 867 803 778 750 742 589 583 475 446 415 409 406 370 313 303 173 170 168 160 138 126 112 91 80 66 46 25 17 12 3 1 0 
27 1599 1572 1476 1412 1395 1385 1384 1365 1287 1256 1221 1137 968 909 855 849 841 815 782 739 708 686 679 665 646 609 604 552 482 443 429 426 417 410 409 404 395 389 382 377 329 300 299 267 256 252 224 218 211 206 197 184 183 176 172 166 157 151 149 140 138 122 121 119 110 107 82 72 70 69 65 62 57 56 45 36 35 30 28 27 26 21 15 14 10 9 8 7 
28 1352 1344 1283 1263 1200 1151 1132 1122 1106 1065 1031 1001 1000 968 914 900 899 836 824 782 764 735 727 709 708 686 681 655 653 632 566 554 552 549 476 355 332 316 309 301 300 272 268 264 253 229 206 199 197 193 184 178 171 164 148 146 144 138 137 135 132 131 123 121 120 117 114 107 103 102 96 88 83 82 78 74 72 70 69 65 63 60 58 57 55 52 44 37 28 27 21 19 16 15 14 11 9 8 7 2 
29 1272 1207 881 793 624 612 594 523 509 496 490 451 439 391 360 274 255 236 196 156 143 132 89 82 79 73 71 56 55 54 52 49 48 46 41 32 30 24 4 
30 1324 1283 1274 1210 1026 1017 935 928 756 687 621 610 602 537 446 435 432 408 329 275 274 234 163 162 154 152 150 149 134 128 112 67 64 51 43 31 30 
31 1793 1783 1750 1734 1627 1506 1412 1387 1320 1223 1093 1065 1052 971 915 881 861 830 776 621 619 612 609 596 590 583 557 482 468 408 402 325 309 280 253 252 249 243 211 199 187 175 173 166 159 156 142 138 126 117 105 102 79 75 69 63 62 53 37 31 28 27 26 19 18 15 14 12 7 3 
32 1334 1315 1284 1137 1008 978 968 957 946 900 880 859 782 728 619 554 549 414 404 374 365 321 282 253 232 218 199 197 196 184 180 179 176 166 162 155 148 139 138 137 126 120 106 104 91 77 69 65 49 43 32 28 26 22 1 0 
33 1224 1019 1001 995 992 990 979 961 812 734 709 708 686 680 659 599 596 574 554 538 523 501 487 482 432 404 395 377 342 332 316 298 289 284 243 229 204 180 178 176 162 158 157 145 138 134 132 131 118 107 102 96 95 92 83 69 63 60 55 54 50 44 38 35 27 21 20 19 18 8 2 
34 1343 1324 1290 1287 1256 1173 1089 1052 968 926 919 900 776 681 680 671 665 653 625 594 587 554 549 487 455 442 410 395 391 371 356 333 329 305 303 285 268 253 236 224 216 206 204 198 197 176 168 166 164 158 155 152 140 139 138 137 126 125 121 120 117 114 106 102 95 88 83 74 73 69 65 63 62 57 54 45 44 41 38 30 28 27 21 20 19 18 17 15 14 11 9 8 7 
35 388 385 383 351 344 343 331 310 297 277 259 238 235 212 198 186 159 158 157 140 138 128 110 97 90 87 80 61 54 53 49 42 41 35 29 22 20 12 5 
36 871 733 725 697 681 669 637 616 597 585 513 469 434 422 408 396 353 327 238 198 185 179 163 162 161 149 146 144 137 105 99 85 84 81 48 39 11 4 
37 1482 1446 1408 1300 1294 1270 1269 1263 1256 1171 1080 1077 1052 968 927 914 909 900 873 869 662 647 625 583 566 524 510 494 468 444 404 395 390 348 342 339 252 246 243 235 233 228 199 184 176 175 166 159 158 155 154 152 146 145 138 131 129 126 121 120 114 103 100 84 82 78 72 69 65 62 58 42 40 36 35 28 26 23 22 16 9 8 5 
38 662 546 534 507 506 496 489 475 459 447 445 401 399 364 339 309 304 257 256 231 179 141 131 122 110 106 102 98 68 66 61 50 36 15 11 
39 896 797 790 726 566 554 546 533 506 468 387 373 356 322 299 251 247 219 193 184 176 166 164 156 152 148 143 138 130 120 110 107 102 96 87 74 69 57 48 45 42 38 36 30 28 27 26 20 19 16 15 14 9 8 7 
40 1310 1275 1263 1223 1161 1153 1017 972 961 859 829 803 777 672 636 611 549 538 516 497 388 329 308 300 277 267 265 253 245 216 210 160 154 152 146 138 132 106 96 95 83 73 68 53 50 47 24 20 18 6 4 
41 1522 1497 1442 1408 1321 1262 1168 910 797 638 637 634 627 553 496 476 422 417 389 382 351 298 235 227 214 208 181 162 157 156 145 123 81 75 64 53 51 40 13 12 2 
42 1330 1281 1263 1256 1204 1184 1137 1019 914 908 880 817 814 795 708 669 665 574 489 487 486 482 451 444 441 393 387 372 294 289 288 284 252 250 236 228 224 205 178 172 170 166 164 159 155 138 126 121 74 69 65 48 46 42 41 38 32 20 5 
43 1068 946 919 899 785 755 679 664 596 574 534 515 477 399 398 324 265 251 249 234 219 194 193 180 166 158 157 134 132 126 111 103 100 98 92 76 58 54 52 40 37 
44 1246 1236 1153 1023 1017 1002 901 789 750 742 716 712 708 703 702 679 671 604 595 587 536 519 501 500 498 496 485 415 370 339 327 310 275 272 256 243 214 212 201 187 171 170 146 145 120 77 62 55 54 38 5 2 
45 1967 1958 1954 1917 1911 1894 1881 1876 1862 1799 1756 1714 1673 1669 1601 1554 1502 1436 1360 1310 1012 984 554 397 384 318 310 280 252 248 171 151 147 145 138 137 122 120 95 90 85 81 67 56 47 45 42 29 26 23 11 10 
46 1522 1502 1494 1491 1452 1369 1334 1298 1227 1168 1161 1155 1091 983 970 968 901 873 825 824 708 651 647 634 583 542 517 503 501 485 439 421 387 376 346 339 323 289 280 240 233 227 206 198 196 166 138 123 107 102 88 87 82 81 47 40 25 20 18 12 
47 1495 1434 1200 1184 1073 1001 941 885 659 654 583 517 484 383 365 344 335 261 224 201 195 192 174 162 140 138 136 129 115 109 85 59 43 39 35 33 29 22 
48 1583 1521 1384 1339 1303 1256 1236 1223 1078 1023 971 968 745 703 686 619 545 513 496 410 404 388 383 335 274 252 218 207 176 163 155 138 134 131 117 114 104 102 99 97 92 75 69 67 55 53 48 44 42 41 22 17 13 11 6 
49 1325 1260 1186 1135 999 996 994 977 969 949 907 873 839 829 763 684 646 641 638 524 519 478 473 454 451 444 425 374 271 212 155 146 138 95 92 77 76 69 63 59 55 38 31 27 23 1 0 
50 1524 1482 1414 1391 1376 1312 1275 1232 968 900 885 866 859 735 734 672 627 485 445 412 365 363 340 322 321 320 273 240 199 184 178 171 126 118 85 68 53 49 48 46 2 1 
51 383 373 371 335 334 329 307 299 288 280 277 268 245 235 231 198 197 196 187 178 159 157 155 146 138 125 121 117 102 84 82 78 74 72 70 63 61 58 55 53 48 45 44 41 37 35 30 28 27 23 22 21 19 15 14 13 9 8 7 6 5 2 
52 619 593 534 525 509 498 476 467 455 418 406 391 371 357 296 279 271 270 255 249 244 231 225 198 191 170 156 143 123 48 44 40 36 22 21 
53 1546 1509 1483 1478 1353 1313 1277 1228 1227 1215 1136 1100 1077 1056 1035 978 968 879 760 679 641 609 516 510 481 362 302 254 225 216 215 213 189 176 138 135 115 110 45 38 20 19 12 
54 1697 1656 1643 1611 1607 1568 1489 1442 1361 1327 1099 977 954 830 797 773 628 566 504 455 448 402 382 346 335 321 296 288 212 189 182 180 149 137 125 115 110 109 96 80 44 36 10 2 
55 1756 1737 1702 1691 1591 1587 1541 1502 1495 1437 1434 1274 1270 1263 1209 1184 1151 1089 957 900 880 867 747 737 731 725 681 662 650 572 544 510 496 485 468 460 443 410 404 330 310 252 211 199 193 189 187 176 166 161 158 155 152 149 145 130 126 121 115 110 107 102 96 92 90 88 80 72 70 65 63 57 56 55 38 37 28 27 25 24 14 13 9 8 7 6 4 
56 1457 1260 1198 966 954 868 848 804 757 597 587 391 350 338 327 214 203 181 179 177 160 128 108 105 97 59 46 12 
57 1686 1628 1626 1623 1572 1495 1336 1156 993 968 779 666 546 448 429 404 361 349 323 266 230 203 200 138 116 111 77 76 67 50 26 3 
58 1307 1287 1149 1077 982 869 860 785 720 716 712 666 624 608 584 550 534 520 501 475 459 434 429 414 396 381 375 364 343 342 325 300 294 274 244 235 147 144 140 121 101 84 68 3 
59 343 323 308 284 282 272 259 258 250 245 230 226 225 204 203 191 189 185 178 172 149 127 125 111 95 81 75 64 36 
60 1292 1161 1137 1089 1001 970 951 938 782 758 656 626 615 442 422 417 332 299 274 257 240 238 235 219 216 183 143 142 130 124 115 106 73 66 60 32 18 6 4 
61 1384 1283 1236 1218 984 916 671 635 494 456 422 378 369 362 348 342 335 299 295 277 240 215 213 166 157 156 146 120 105 89 86 83 69 54 52 48 41 30 21 2 
62 869 789 770 703 700 587 583 539 527 484 476 454 439 363 361 356 355 304 282 248 212 182 173 167 155 151 138 120 112 100 98 74 69 64 60 36 35 31 25 5 0 
63 1123 1104 1073 1054 1041 976 968 929 906 900 853 809 698 660 526 449 424 419 353 327 323 321 298 255 234 232 205 182 143 138 101 86 51 10 
64 1333 1225 1190 1177 1151 1096 998 969 967 943 873 841 829 724 679 662 631 621 505 465 461 458 451 449 410 388 379 356 336 314 310 296 290 261 244 208 140 126 122 120 107 75 69 63 32 9 8 5 
65 1257 1117 1017 1004 967 908 764 735 734 670 641 626 568 523 434 402 396 390 343 335 308 277 218 196 190 187 164 135 132 117 106 73 64 53 52 47 36 34 11 6 4 
66 1124 1105 1087 1042 976 947 875 866 749 727 531 503 502 485 414 411 409 404 398 352 341 332 307 293 292 269 252 236 186 171 160 158 138 132 128 46 
67 2171 2148 2143 2132 2088 2060 2052 1972 1951 1881 1863 1843 1809 1762 1754 1735 1671 1583 1564 1520 1413 1386 1128 1112 1011 977 968 929 767 756 646 545 537 536 519 515 497 400 286 264 258 180 179 88 71 68 66 51 32 1 
68 1087 1038 968 899 896 840 817 689 592 554 502 459 393 357 342 340 324 281 278 264 194 155 140 113 109 108 93 86 76 74 21 19 17 14 9 
69 659 599 572 566 532 516 512 501 489 486 427 426 422 387 371 335 309 277 249 245 240 231 224 211 199 166 162 158 152 145 142 140 139 126 121 119 117 96 84 83 82 80 73 72 62 61 58 57 54 44 37 35 28 24 22 21 19 17 16 15 14 13 9 7 6 
70 1344 1170 1044 836 822 804 738 669 666 629 577 526 367 319 315 293 287 254 248 226 190 75 66 59 39 2 
71 966 926 859 854 723 687 581 385 358 350 252 248 244 225 219 209 169 150 120 108 101 89 81 80 64 45 43 35 
72 1330 1093 890 822 810 798 777 508 495 476 428 388 374 373 347 341 334 328 266 261 237 218 201 187 174 156 125 124 112 43 17 15 
73 1122 1114 1106 1055 1008 990 973 952 864 840 609 597 593 590 589 523 510 504 474 371 348 333 308 293 282 250 228 224 197 195 163 137 124 118 95 60 46 33 24 23 8 
74 1395 1384 1365 1307 1304 1188 1134 1084 1048 989 888 880 660 582 431 424 395 331 322 314 282 247 232 227 211 169 167 147 123 112 98 85 53 39 34 29 
75 1482 1456 1370 1362 1337 1314 1225 1187 1169 1000 977 891 862 562 553 489 470 432 392 222 194 165 157 144 130 129 99 92 67 49 
76 1215 1160 943 900 869 867 681 659 577 563 552 549 542 519 517 511 495 484 459 455 389 382 372 371 332 325 301 285 267 245 236 203 185 184 166 164 157 155 152 148 146 145 131 126 121 117 114 112 107 103 88 79 78 74 73 70 63 62 61 60 55 54 48 37 35 30 28 27 23 21 20 19 17 15 14 11 8 5 
77 403 392 377 343 307 305 289 284 279 271 256 254 245 244 222 212 204 203 183 180 151 144 136 134 118 95 87 81 52 35 32 24 11 2 
78 1286 1271 1186 1183 1096 1088 1030 996 987 968 926 859 822 713 645 635 600 465 427 323 292 261 219 154 98 94 93 89 67 3 
79 1452 1440 1340 1121 1020 997 968 943 897 841 782 733 726 694 636 625 596 594 545 538 532 500 498 485 484 476 436 424 372 348 281 268 245 240 238 218 210 206 199 187 178 164 161 157 152 145 131 126 125 121 119 112 110 102 96 79 74 62 61 60 57 37 28 27 21 13 11 9 8 
80 1454 1386 1364 1274 1256 1232 1217 1180 1034 990 974 971 943 762 726 688 515 497 426 422 400 363 239 176 167 160 150 149 136 132 114 108 101 94 54 50 25 
81 1745 1737 1734 1707 1673 1671 1665 1606 1583 1575 1395 1263 982 975 812 757 697 663 631 524 359 345 265 259 209 194 169 168 167 133 113 67 51 49 34 33 27 3 
82 1303 1177 962 958 952 795 644 578 565 564 512 426 389 385 375 360 263 247 235 230 229 138 137 136 104 99 94 81 79 74 60 50 26 4 
83 1706 1656 1635 1595 1532 1515 1388 1162 1098 1080 998 970 842 797 490 488 447 372 371 334 281 278 253 234 212 209 155 142 133 125 120 107 69 50 44 
84 1921 1891 1829 1826 1771 1745 1737 1707 1689 1665 1620 1575 1541 1395 1369 1258 1147 589 495 338 289 188 176 141 138 124 117 112 111 77 58 40 39 36 34 31 24 12 6 
85 882 836 823 808 703 676 611 598 548 544 525 513 475 412 390 340 338 330 298 297 289 267 232 225 217 187 119 111 76 52 48 24 
86 1930 1896 1861 1847 1793 1757 1734 1601 1529 968 933 715 410 409 299 277 235 230 189 178 156 144 139 126 100 81 71 66 64 58 46 45 33 23 22 12 10 2 1 0 
87 1273 1227 1180 1073 1009 954 949 935 789 774 742 677 651 598 568 555 538 505 425 397 361 358 302 293 279 257 251 216 207 130 80 36 18 
88 1114 1110 1103 1068 914 887 875 869 751 733 716 714 705 646 559 554 510 470 461 282 250 238 210 196 190 183 157 155 150 147 140 124 120 98 95 86 85 83 76 52 8 
89 1195 1193 1172 1154 1008 971 914 867 866 847 837 746 669 508 475 443 351 330 275 257 220 205 159 155 142 140 135 117 103 88 87 80 73 72 55 50 44 41 16 6 3 
90 1506 1496 1494 1384 1363 1260 1242 1223 1183 1008 997 975 691 680 679 655 509 425 419 374 227 218 201 183 171 141 129 116 66 47 43 33 24 3 
91 692 670 667 654 640 619 598 573 499 438 408 407 384 352 338 310 294 288 246 128 105 75 71 66 39 16 
92 994 752 744 521 498 327 292 269 223 205 191 179 176 160 142 128 127 116 102 100 97 87 61 60 50 3 
93 1127 1121 1109 1058 1010 989 882 716 655 619 606 526 376 324 312 275 258 237 205 191 181 164 95 94 68 67 59 
94 860 857 842 820 791 743 725 645 622 576 546 520 493 488 469 432 421 420 338 337 291 262 258 222 217 208 125 35 
95 1339 1268 1209 1204 1117 1113 1074 1017 963 849 818 813 790 740 715 713 694 652 626 594 550 547 514 487 457 395 277 271 257 210 188 154 147 129 95 42 
96 1702 1621 1465 1461 1417 1361 868 778 742 661 548 526 450 408 354 232 214 202 197 183 170 153 127 118 112 91 86 34 31 29 15 
97 1478 1434 1258 1210 1200 1112 1095 983 815 735 707 670 624 585 519 436 426 403 375 329 289 285 273 271 267 249 241 212 198 197 192 187 178 173 158 148 140 138 131 126 120 96 90 88 78 70 69 63 62 61 54 44 32 27 18 17 16 15 14 13 11 9 8 7 5 
98 1073 1006 951 927 915 797 757 707 469 455 434 410 409 402 377 370 341 333 329 303 285 269 249 236 235 229 224 198 175 170 157 147 139 121 120 114 110 106 82 72 69 65 63 62 58 56 55 54 52 44 42 41 37 28 27 23 13 11 9 8 7 6 2 
99 1688 1648 1612 1550 1530 1352 1349 1343 1334 1137 1088 1023 867 829 809 785 739 539 531 503 424 406 387 303 286 285 273 245 238 224 198 178 172 168 155 153 139 138 135 119 113 101 74 65 61 43 40 36 29 21 8 5 
